[1,1/(cos(z)+sin(z)+sqrt(2)),2*(-sqrt(2)-1)/(tan(z/2)+sqrt(2)+1),0]
[2,1/(sqrt(1-x)+sqrt(1+x))^2,-atan(sqrt(-x+1)*((-1/2*(-2*sqrt(x+1)+2*sqrt(2))/sqrt(-x+1))^2-1)/(-2*sqrt(x+1)+2*sqrt(2)))-1/2*pi-2*(2*sqrt(-x+1)/(-2*sqrt(x+1)+2*sqrt(2))-1/2*(-2*sqrt(x+1)+2*sqrt(2))/sqrt(-x+1))/(-(2*sqrt(-x+1)/(-2*sqrt(x+1)+2*sqrt(2))-1/2*(-2*sqrt(x+1)+2*sqrt(2))/sqrt(-x+1))^2+4)-1/2/x,0]
[3,1/(1+cos(x))^2,2*(1/3*tan(x/2)^3+tan(x/2))/4,0]
[4,sin(x)/sqrt(1+x),2*(sqrt(pi)/(-1+i)*2/sqrt(2)*exp(-i)/2*erf(i/(1-i)*sqrt(2)*sqrt(x+1))/(2*i)+i*sqrt(pi)/(-1-i)*2/sqrt(2)*exp(i)/2*erf(-1/(1-i)*sqrt(2)*sqrt(x+1))/2),(i*exp((-i)*x)+(-i)*exp(i*x)-2*sin(x))/(2*sqrt(x+1))]
[5,1/(cos(x)+sin(x))^6,2*(-15*tan(x)^4-30*tan(x)^3-40*tan(x)^2-20*tan(x)-7)/(30*(tan(x)+1)^5),0]
[6,ln(1/x^4+x^4),-sqrt(sqrt(2)+2)/2*ln(x^2-sqrt(2+sqrt(2))*x+1)+sqrt(-sqrt(2)+2)*atan((x-sqrt(2+sqrt(2))/2)/(sqrt(2-sqrt(2))/2))-sqrt(-sqrt(2)+2)/2*ln(x^2-sqrt(2-sqrt(2))*x+1)+sqrt(sqrt(2)+2)*atan((x-sqrt(2-sqrt(2))/2)/(sqrt(2+sqrt(2))/2))+sqrt(-sqrt(2)+2)/2*ln(x^2+sqrt(2-sqrt(2))*x+1)+sqrt(sqrt(2)+2)*atan((x+sqrt(2-sqrt(2))/2)/(sqrt(2+sqrt(2))/2))+sqrt(sqrt(2)+2)/2*ln(x^2+sqrt(2+sqrt(2))*x+1)+sqrt(-sqrt(2)+2)*atan((x+sqrt(2+sqrt(2))/2)/(sqrt(2-sqrt(2))/2))-4*x+x*ln(1/x^4+x^4),0]
[7,ln(1+x)/x/sqrt(1+sqrt(1+x)),integrate(2*sqrt(x+1)*ln(x+1)/sqrt(sqrt(x+1)+1)/x/2*(sqrt(x+1))^-1,x),false]
[8,ln(1+x)*sqrt(1+sqrt(1+x))/x,integrate(2*sqrt(sqrt(x+1)+1)*sqrt(x+1)*ln(x+1)/x/2*(sqrt(x+1))^-1,x),false]
[9,1/(1+sqrt(x+sqrt(1+x^2))),integrate(1/(1+sqrt(sqrt(x^2+1)+x)),x),false]
[10,sqrt(1+x)/(x+sqrt(1+sqrt(1+x))),4*(1/2*(sqrt(x+1)+1)-1/sqrt(5)*ln((2*sqrt(sqrt(x+1)+1)+1-sqrt(5))/(2*sqrt(sqrt(x+1)+1)+1+sqrt(5)))),0]
[11,1/(x-sqrt(1+sqrt(1+x))),4*(1/2*ln(abs(sqrt(x+1)+1-sqrt(sqrt(x+1)+1)-1))-1/2/sqrt(5)*ln(abs(2*sqrt(sqrt(x+1)+1)-1-sqrt(5))/abs(2*sqrt(sqrt(x+1)+1)-1+sqrt(5)))),0]
[12,x/(x+sqrt(1-sqrt(1+x))),4*(1/4*(-sqrt(x+1)+1)^2-1/2*(-sqrt(x+1)+1)-sqrt(-sqrt(x+1)+1)-1/sqrt(5)*ln(abs(2*sqrt(-sqrt(x+1)+1)+1-sqrt(5))/(2*sqrt(-sqrt(x+1)+1)+1+sqrt(5)))),0]
[13,ff(x),integrate(ff(x),x),false]
[14,ff(x),integrate(ff(x),x),false]
[15,sqrt(1+sqrt(x)+sqrt(1+2*x+2*sqrt(x))),integrate(2*(8*sqrt(x)*x*sqrt(sqrt(x)+sqrt(2*x+2*sqrt(x)+1)+1)-8*sqrt(x)*x+4*x*sqrt(sqrt(x)+sqrt(2*x+2*sqrt(x)+1)+1)-8*x+4*sqrt(x)*(2*x+2*sqrt(x)+1)+sqrt(x)*sqrt(sqrt(x)+sqrt(2*x+2*sqrt(x)+1)+1)-4*sqrt(x))/(8*x+4*sqrt(x)+1)/2*(sqrt(x))^-1,x),false]
[16,sqrt(sqrt(2)+sqrt(x)+sqrt(2+2*x+2*sqrt(2)*sqrt(x))),integrate(sqrt(x)*sqrt(sqrt(2)*x^2*sqrt(sqrt(2)*sqrt(x)+x+1)+sqrt(2)*x^2-sqrt(x)*x^2)/(sqrt(x)*x*sign(x)),x),false]
[17,sqrt(x+sqrt(1+x))/x^2,4*(3/16*ln(abs(sqrt(x+1+sqrt(x+1)-1)-sqrt(x+1)))-3/16*ln(abs(sqrt(x+1+sqrt(x+1)-1)-sqrt(x+1)+2))+1/8*atan(sqrt(x+1+sqrt(x+1)-1)-sqrt(x+1)-1)-(2*(sqrt(x+1+sqrt(x+1)-1)-sqrt(x+1))^3-3*(sqrt(x+1+sqrt(x+1)-1)-sqrt(x+1))^2-sqrt(x+1+sqrt(x+1)-1)+sqrt(x+1)+1)/4/((sqrt(x+1+sqrt(x+1)-1)-sqrt(x+1))^4-2*(sqrt(x+1+sqrt(x+1)-1)-sqrt(x+1))^2+4*(sqrt(x+1+sqrt(x+1)-1)-sqrt(x+1)))),0]
[18,sqrt(1/x+sqrt(1+1/x)),integrate(sign(x)*sqrt(x*sqrt(x^2+x)+x)/x,x),false]
[19,sqrt(1+exp(-x))/(-exp(-x)+exp(x)),-ln((sqrt(2)-1)/(sqrt(2)+1))/sqrt(2)+ln(abs(2*(-exp(x)+sqrt(exp(x)^2+exp(x)))-2*sqrt(2)+2)/abs(2*(-exp(x)+sqrt(exp(x)^2+exp(x)))+2*sqrt(2)+2))/sqrt(2),0]
[20,sqrt(1+exp(-x))/sinh(x),2*(-ln((sqrt(2)-1)/(sqrt(2)+1))/sqrt(2)+ln(abs(2*(-exp(x)+sqrt(exp(x)^2+exp(x)))-2*sqrt(2)+2)/abs(2*(-exp(x)+sqrt(exp(x)^2+exp(x)))+2*sqrt(2)+2))/sqrt(2)),(8*sqrt(exp(x)+1)*exp(1/2*x)^8-16*sqrt(exp(x)+1)*exp(1/2*x)^6*sinh(x)+8*sqrt(exp(x)+1)*exp(1/2*x)^6-16*sqrt(exp(x)+1)*exp(1/2*x)^4*sinh(x)-7*sqrt(exp(x)+1)*exp(1/2*x)^4-2*sqrt(exp(x)+1)*exp(1/2*x)^2*sinh(x)-8*sqrt(exp(x)+1)*exp(1/2*x)^2-sqrt(exp(x)+1)-8*exp(1/2*x)^9+16*exp(1/2*x)^7*sinh(x)-12*exp(1/2*x)^7+24*exp(1/2*x)^5*sinh(x)+4*exp(1/2*x)^5+8*exp(1/2*x)^3*sinh(x)+12*exp(1/2*x)^3+4*exp(1/2*x))/(8*sqrt(exp(x)+1)*exp(1/2*x)^8*sinh(x)+4*sqrt(exp(x)+1)*exp(1/2*x)^6*sinh(x)-8*sqrt(exp(x)+1)*exp(1/2*x)^4*sinh(x)-4*sqrt(exp(x)+1)*exp(1/2*x)^2*sinh(x)-8*exp(1/2*x)^9*sinh(x)-8*exp(1/2*x)^7*sinh(x)+7*exp(1/2*x)^5*sinh(x)+8*exp(1/2*x)^3*sinh(x)+exp(1/2*x)*sinh(x))]
[21,1/(cos(x)+cos(3*x))^5,2*(-(-43*sin(x)^3+45*sin(x))/(512*(sin(x)^2-1)^2)+(10488*sin(x)^7-14108*sin(x)^5+6514*sin(x)^3-993*sin(x))/(3072*(2*sin(x)^2-1)^4)+523/1024*ln(-sin(x)+1)-523/1024*ln(sin(x)+1)-1483/(1024*2*sqrt(2))*ln(abs(4*sin(x)-2*sqrt(2))/abs(4*sin(x)+2*sqrt(2)))),0]
[22,1/(1+cos(x)+sin(x))^2,2*(tan(x/2)/4+tan(x/2)/(2*(tan(x/2)+1))-1/2*ln(abs(tan(x/2)+1))),0]
[23,sqrt(1+tanh(4*x)),-sqrt(2)/4*ln(sqrt(exp(x)^8+1)-exp(x)^4),(sqrt(2)*sqrt(exp(x)^8+1)*exp(x)^4-sqrt(tanh(4*x)+1)*exp(x)^8-sqrt(tanh(4*x)+1))/(exp(x)^8+1)]
[24,tanh(x)/sqrt(exp(x)+exp(2*x)),2*(1/(4-4*i)*(1+4*i/(4*sqrt(2)-4))*sqrt(2*(sqrt(2)-1))*ln((40+20*i)*(sqrt(exp(x)^2+exp(x))-exp(x))*sqrt(2)+(-56-28*i)*(sqrt(exp(x)^2+exp(x))-exp(x))-10*sqrt(2)*sqrt(2*(5*sqrt(2)-7))+(-20+40*i)*sqrt(2)+(14+2*i)*sqrt(2*(5*sqrt(2)-7))+28-56*i)-1/(4-4*i)*(1+4*i/(4*sqrt(2)-4))*sqrt(2*(sqrt(2)-1))*ln((40+20*i)*(sqrt(exp(x)^2+exp(x))-exp(x))*sqrt(2)+(-56-28*i)*(sqrt(exp(x)^2+exp(x))-exp(x))+10*sqrt(2)*sqrt(2*(5*sqrt(2)-7))+(-20+40*i)*sqrt(2)+(-14-2*i)*sqrt(2*(5*sqrt(2)-7))+28-56*i)+1/(4-4*i)*(1+4*i/(4*sqrt(2)+4))*sqrt(2*(sqrt(2)+1))*ln(4*(sqrt(exp(x)^2+exp(x))-exp(x))*sqrt(2)-4*(sqrt(exp(x)^2+exp(x))-exp(x))-2*sqrt(2)*sqrt(2*(sqrt(2)-1))+(-4*i)*sqrt(2)+(2+2*i)*sqrt(2*(sqrt(2)-1))+4*i)-1/(4-4*i)*(1+4*i/(4*sqrt(2)+4))*sqrt(2*(sqrt(2)+1))*ln(4*(sqrt(exp(x)^2+exp(x))-exp(x))*sqrt(2)-4*(sqrt(exp(x)^2+exp(x))-exp(x))+2*sqrt(2)*sqrt(2*(sqrt(2)-1))+(-4*i)*sqrt(2)+(-2-2*i)*sqrt(2*(sqrt(2)-1))+4*i)+1/(sqrt(exp(x)^2+exp(x))-exp(x))),false]
[25,sqrt(sinh(2*x)/cosh(x)),integrate((exp(x)-1/exp(x))/sqrt(exp(x)^3-exp(x))*exp(x),x),false]
[26,ln(x^2+sqrt(1-x^2)),-sqrt(2*(sqrt(5)-1))/4*ln(abs(x-sqrt((-1+sqrt(5))/2)))+sqrt(2*(sqrt(5)-1))/4*ln(abs(x+sqrt((-1+sqrt(5))/2)))+sqrt(2*(sqrt(5)+1))/2*atan(x/sqrt(-(-1-sqrt(5))/2))-2*x-atan(x*((-1/2*(-2*sqrt(-x^2+1)+2)/x)^2-1)/(-2*sqrt(-x^2+1)+2))-1/2*pi*sign(x)-1/4*ln(abs(sqrt(-2*(-sqrt(5)+1))+2*x/(-2*sqrt(-x^2+1)+2)-1/2*(-2*sqrt(-x^2+1)+2)/x))*sqrt(2*(sqrt(5)-1))+1/4*ln(abs(-sqrt(-2*(-sqrt(5)+1))+2*x/(-2*sqrt(-x^2+1)+2)-1/2*(-2*sqrt(-x^2+1)+2)/x))*sqrt(2*(sqrt(5)-1))-1/2*atan((2*x/(-2*sqrt(-x^2+1)+2)-1/2*(-2*sqrt(-x^2+1)+2)/x)/sqrt(2*(sqrt(5)+1)))*sqrt(2*(sqrt(5)+1))+x*ln(x^2+sqrt(1-x^2)),0]
[27,ln(1+exp(x))/(1+exp(2*x)),integrate(ln(exp(x)+1)/(exp(x)+exp(x)^3)*exp(x),x),false]
[28,cosh(x)*ln(1+cosh(x)^2)^2,1/2*(exp(x)-1/exp(x))*ln(1+((exp(x)+1/exp(x))/2)^2)^2+integrate(-1/2*(4*exp(x)^6*ln((exp(x)^4+6*exp(x)^2+1)/4/exp(x)^2)-4*exp(x)^4*ln((exp(x)^4+6*exp(x)^2+1)/4/exp(x)^2)-4*exp(x)^2*ln((exp(x)^4+6*exp(x)^2+1)/4/exp(x)^2)+4*ln((exp(x)^4+6*exp(x)^2+1)/4/exp(x)^2))/(exp(x)^6+6*exp(x)^4+exp(x)^2)*exp(x),x),false]
[29,cosh(x)*ln(cosh(x)^2+sinh(x))^2,1/2*(exp(x)-1/exp(x))*ln(((exp(x)+1/exp(x))/2)^2+(exp(x)-1/exp(x))/2)^2+integrate(-1/2*(4*exp(x)^6*ln((exp(x)^4+2*exp(x)^3+2*exp(x)^2-2*exp(x)+1)/4/exp(x)^2)+4*exp(x)^5*ln((exp(x)^4+2*exp(x)^3+2*exp(x)^2-2*exp(x)+1)/4/exp(x)^2)-4*exp(x)^4*ln((exp(x)^4+2*exp(x)^3+2*exp(x)^2-2*exp(x)+1)/4/exp(x)^2)-4*exp(x)^2*ln((exp(x)^4+2*exp(x)^3+2*exp(x)^2-2*exp(x)+1)/4/exp(x)^2)-4*exp(x)*ln((exp(x)^4+2*exp(x)^3+2*exp(x)^2-2*exp(x)+1)/4/exp(x)^2)+4*ln((exp(x)^4+2*exp(x)^3+2*exp(x)^2-2*exp(x)+1)/4/exp(x)^2))/(exp(x)^6+2*exp(x)^5+2*exp(x)^4-2*exp(x)^3+exp(x)^2)*exp(x),x),false]
[30,ln(x+sqrt(1+x))/(1+x^2),integrate(ln(x+sqrt(1+x))/(1+x^2),x),false]
[31,ln(x+sqrt(1+x))^2/(1+x)^2,-1/(x+1)*ln(x+sqrt(1+x))^2+integrate(-(-2*x^2-x+1+(x+2)*sqrt(x+1))*ln(sqrt(x+1)+x)/(x^4+x^3-2*x^2-3*x-1),x),false]
[32,ln(x+sqrt(1+x))/x,integrate(ln(x+sqrt(1+x))/x,x),false]
[33,atan(2*tan(x)),integrate(atan(2*tan(x))/(2*(2*tan(x)/2)^2+2)*2*(1+tan(x)^2),x),false]
[34,atan(x)*ln(x)/x,1/2*ln(x)^2*atan(x)+integrate(-ln(x)^2*x/(2*x^2+2)/x,x),false]
[35,atan(x)^2*sqrt(1+x^2),integrate(sqrt(x^2+1)*atan(x)^2,x),false]
Time:10.62, tests: 35, integration failures: 18[7,8,9,13,14,15,16,18,25,27,28,29,30,31,32,33,34,35], simplification failures: 3[4,20,23], not cheked: 1[24], assumptions: 0[]
