[1,x^n,x^(n+1)/(n+1),0]
[2,exp(x),exp(x),0]
[3,1/x,ln(abs(x)),0]
[4,a^x,1/ln(a)*a^x,0]
[5,sin(x),-cos(x),0]
[6,cos(x),sin(x),0]
[7,(1/cos(x))^2,2/2*tan(x),0]
[8,(1/sin(x))^2,-2/(2*tan(x)),0]
[9,1/cos(x)*tan(x),1/cos(x),0]
[10,cos(x)/sin(x)/sin(x),-1/sin(x),0]
[11,sinh(x),1/2*(exp(x)+1/exp(x)),(exp(x)^2-2*exp(x)*sinh(x)-1)/(2*exp(x))]
[12,cosh(x),1/2*(exp(x)-1/exp(x)),(-2*cosh(x)*exp(x)+exp(x)^2+1)/(2*exp(x))]
[13,tan(x),-ln(abs(cos(x))),0]
[14,cos(x)/sin(x),ln(abs(sin(x))),0]
[15,x*sin(x),-x*cos(x)+sin(x),0]
[16,ln(x),x*ln(x)-x,0]
[17,exp(x)*x^2,(x^2-2*x+2)*exp(x),0]
[18,exp(x)*sin(x),exp(x)*(-1/2*cos(x)+1/2*sin(x)),0]
[19,atan(x),x*atan(x)-ln(x^2+1)/2,0]
[20,exp(2*x)*x,(2*x-1)/4*exp(2*x),0]
[21,x*cos(x),cos(x)+x*sin(x),0]
[22,x*sin(4*x),-4*x/16*cos(4*x)+1/16*sin(4*x),0]
[23,x*ln(x),-1/4*x^2+1/2*x^2*ln(x),0]
[24,x^2*cos(3*x),6*x/27*cos(3*x)-(-9*x^2+2)/27*sin(3*x),0]
[25,x^2*sin(2*x),(-4*x^2+2)/8*cos(2*x)+4*x/8*sin(2*x),0]
[26,ln(x)^2,x*ln(x)^2-2*x*ln(x)+2*x,0]
[27,asin(x),x*asin(x)+sqrt(1-x^2),0]
[28,t*cos(t)*sin(t),-2*t/8*cos(2*t)+1/8*sin(2*t),0]
[29,t*(1/cos(t))^2,(-4*t*tan(t/2)+ln((4*tan(t/2)^4-8*tan(t/2)^2+4)/(tan(t/2)^4+2*tan(t/2)^2+1))*tan(t/2)^2-ln((4*tan(t/2)^4-8*tan(t/2)^2+4)/(tan(t/2)^4+2*tan(t/2)^2+1)))/(2*tan(t/2)^2-2),0]
[30,t^2*ln(t),-1/9*t^3+1/3*t^3*ln(t),0]
[31,exp(t)*t^3,(t^3-3*t^2+6*t-6)*exp(t),0]
[32,exp(2*t)*sin(3*t),exp(2*t)*(-3/13*cos(3*t)+2/13*sin(3*t)),0]
[33,cos(3*t)/exp(t),exp(-t)*(-1/10*cos(3*t)+3/10*sin(3*t)),0]
[34,y*sinh(y),1/2*((y-1)*exp(y)+(y+1)*exp(-y)),(y*exp(y)^2-2*y*exp(y)*sinh(y)-y)/(2*exp(y))]
[35,y*cosh(a*y),1/2*((y*a-1)/a^2*exp(a*y)+(-y*a-1)/a^2*exp(-a*y)),(-2*y*cosh(a*y)*exp(a*y)+y*exp(a*y)^2+y)/(2*exp(a*y))]
[36,t/exp(t),(-t-1)*exp(-t),0]
[37,ln(t)*sqrt(t),2*sqrt(t)*t/3*ln(t)-2/3*2*sqrt(t)*t/3,0]
[38,x*cos(2*x),1/4*cos(2*x)+2*x/4*sin(2*x),0]
[39,x^2/exp(x),(-x^2-2*x-2)*exp(-x),0]
[40,acos(x),x*acos(x)-sqrt(1-x^2),0]
[41,x*(1/sin(x))^2,(x*tan(x/2)^2-x+ln(16*tan(x/2)^2/(tan(x/2)^4+2*tan(x/2)^2+1))*tan(x/2))/(2*tan(x/2)),0]
[42,cos(5*x)*sin(3*x),-1/16*cos(8*x)+1/4*cos(2*x),0]
[43,sin(2*x)*sin(4*x),1/4*sin(2*x)-1/12*sin(6*x),0]
[44,cos(x)*ln(sin(x)),sin(x)*ln(sin(x))-sin(x),0]
[45,exp(x^2)*x^3,1/2*(x^2-1)*exp(x^2),0]
[46,exp(x)*(3+2*x),(2*x+1)*exp(x),0]
[47,5^x*x,(x*ln(5)-1)/ln(5)^2*exp(x*ln(5)),0]
[48,cos(ln(x)),1/2*x*cos(ln(x))+1/2*x*sin(ln(x)),0]
[49,exp(sqrt(x)),2*(sqrt(x)-1)*exp(sqrt(x)),0]
[50,ln(sqrt(x)),1/2*(x*ln(x)-x),0]
[51,sin(ln(x)),-1/2*x*cos(ln(x))+1/2*x*sin(ln(x)),0]
[52,sin(sqrt(x)),2*(-sqrt(x)*cos(sqrt(x))+sin(sqrt(x))),0]
[53,x^5*cos(x^3),1/3*(cos(x^3)+x^3*sin(x^3)),0]
[54,exp(x^2)*x^5,1/2*(x^4-2*x^2+2)*exp(x^2),0]
[55,x*atan(x),-x/2+1/2*atan(x)+x^2/2*atan(x),0]
[56,x*cos(pi*x),1/pi^2*cos(pi*x)+x*pi/pi^2*sin(pi*x),0]
[57,ln(x)*sqrt(x),2*sqrt(x)*x/3*ln(x)-2/3*2*sqrt(x)*x/3,0]
[58,sin(3*x)^2,1/2*x-1/12*sin(6*x),0]
[59,cos(x)^2,1/2*x+1/4*sin(2*x),0]
[60,cos(x)^4,3/8*x+1/4*sin(2*x)+1/32*sin(4*x),0]
[61,sin(x)^3,-cos(x)+cos(x)^3/3,0]
[62,cos(x)^4*sin(x)^3,cos(x)^7/7-cos(x)^5/5,0]
[63,cos(x)^3*sin(x)^4,-sin(x)^7/7+sin(x)^5/5,0]
[64,cos(x)^2*sin(x)^4,1/16*x-1/64*sin(2*x)-1/64*sin(4*x)+1/192*sin(6*x),0]
[65,cos(x)^2*sin(x)^2,1/8*x-1/32*sin(4*x),0]
[66,(1-sin(2*x))^2,1/2*x-1/8*sin(4*x)+1/2*cos(2*x)+1/2*cos(2*x)+x,0]
[67,cos(x)*sin(1/6*pi+x),-1/4*cos((pi+12*x)/6)+1/4*x,0]
[68,cos(x)^5*sin(x)^5,1/2*(-cos(x)^10/5+2*cos(x)^8/4-cos(x)^6/3),0]
[69,sin(x)^6,5/16*x-15/64*sin(2*x)+3/64*sin(4*x)-1/192*sin(6*x),0]
[70,cos(x)^6,5/16*x+15/64*sin(2*x)+3/64*sin(4*x)+1/192*sin(6*x),0]
[71,cos(2*x)^4*sin(2*x)^2,1/16*x+1/128*sin(4*x)-1/128*sin(8*x)-1/384*sin(12*x),0]
[72,sin(x)^5,1/5*(-cos(x))^5-2/3*(-cos(x))^3-cos(x),0]
[73,cos(x)^4*sin(x)^4,3/128*x-1/128*sin(4*x)+1/1024*sin(8*x),0]
[74,sin(x)^3*sqrt(cos(x)),-2*(-1/7*sqrt(cos(x))*cos(x)^3+1/3*sqrt(cos(x))*cos(x)),0]
[75,cos(x)^3*sqrt(sin(x)),2*(-1/7*sqrt(sin(x))*sin(x)^3+1/3*sqrt(sin(x))*sin(x)),0]
[76,cos(sqrt(x))^2/sqrt(x),2*(1/2*sqrt(x)+1/4*sin(2*sqrt(x))),0]
[77,x*sin(x^2)^3,1/2*(-cos(x^2)+cos(x^2)^3/3),0]
[78,cos(x)^2*tan(x)^3,cos(x)^2/2-ln(abs(cos(x))),0]
[79,(cos(x)/sin(x))^5*sin(x)^2,-cos(x)^2/2+1/2/(cos(x)^2-1)-ln(-cos(x)^2+1),0]
[80,(1-sin(x))/cos(x),ln(sin(x)+1),0]
[81,1/(1-sin(x)),-2/(tan(x/2)-1),0]
[82,tan(x)^2,tan(x)-x,0]
[83,tan(x)^4,1/3*tan(x)^3-tan(x)+x,0]
[84,(1/cos(x))^4,2*(1/3*tan(x)^3+tan(x))/2,0]
[85,(1/cos(x))^6,2*(1/5*tan(x)^5+2/3*tan(x)^3+tan(x))/2,0]
[86,(1/cos(x))^2*tan(x)^4,tan(x)^5/5,0]
[87,(1/cos(x))^4*tan(x)^2,tan(x)^5/5+tan(x)^3/3,0]
[88,(1/cos(x))^3*tan(x),1/3/cos(x)^3,0]
[89,(1/cos(x))^3*tan(x)^3,(-5*cos(x)^2+3)/15/cos(x)^5,0]
[90,tan(x)^5,(tan(x)^4-2*tan(x)^2)/4+1/2*ln(tan(x)^2+1),0]
[91,tan(x)^6,1/5*tan(x)^5-1/3*tan(x)^3+tan(x)-x,0]
[92,1/cos(x)*tan(x)^5,(15*cos(x)^4-10*cos(x)^2+3)/15/cos(x)^5,0]
[93,(1/cos(x))^3*tan(x)^5,(35*cos(x)^4-42*cos(x)^2+15)/105/cos(x)^7,0]
[94,(1/cos(x))^6*tan(x),1/6/cos(x)^6,0]
[95,(1/cos(x))^6*tan(x)^3,(-4*cos(x)^2+3)/24/cos(x)^8,0]
[96,(1/cos(x))^2/cos(x)*sin(x),1/2/cos(x)^2,0]
[97,1/cos(x)*tan(x)^2,2*(1/8*ln(-sin(x)+1)-1/8*ln(sin(x)+1)-sin(x)/(4*(sin(x)^2-1))),0]
[98,(cos(x)/sin(x))^2,2*(tan(x/2)/4-1/(4*tan(x/2))-x/2),0]
[99,(cos(x)/sin(x))^3,1/2/(cos(x)^2-1)-1/2*ln(-cos(x)^2+1),0]
[100,(cos(x)/sin(x))^4*(1/sin(x))^4,2*(-7*tan(x)^2-5)/(70*tan(x)^7),0]
[101,(cos(x)/sin(x))^3*(1/sin(x))^4,(3*sin(x)^2-2)/12/sin(x)^6,0]
[102,1/sin(x),2/2*ln(abs(tan(x/2))),0]
[103,(1/sin(x))^3,2*((1-cos(x))/(1+cos(x))/16+(-2*(1-cos(x))/(1+cos(x))-1)/(16*(1-cos(x))/(1+cos(x)))+1/8*ln((1-cos(x))/(1+cos(x)))),0]
[104,cos(x)^2/sin(x),cos(x)+1/2*ln(-cos(x)+1)-1/2*ln(cos(x)+1),0]
[105,1/sin(x)^4,2*(-3*tan(x)^2-1)/(6*tan(x)^3),0]
[106,sin(2*x)*sin(5*x),1/6*sin(3*x)-1/14*sin(7*x),0]
[107,cos(x)*sin(3*x),1/2*(-4*cos(x)^4/2+cos(x)^2),0]
[108,cos(3*x)*cos(4*x),1/2*sin(x)+1/14*sin(7*x),0]
[109,sin(3*x)*sin(6*x),1/6*sin(3*x)-1/18*sin(9*x),0]
[110,cos(x)^5*sin(x),-1/2*cos(x)^6/3,0]
[111,cos(x)*cos(2*x)*cos(3*x),1/4*x+1/8*sin(2*x)+1/16*sin(4*x)+1/24*sin(6*x),0]
[112,(1-tan(x)^2)/((1/cos(x))^2),1/(tan(x)+1/tan(x)),0]
[113,(cos(x)+sin(x))/sin(2*x),2*(1/4*ln(abs(tan(x/2)))-1/4*ln(abs(tan(x/2)-1))+1/4*ln(abs(tan(x/2)+1))),0]
[114,sin(x)^2*tan(x),-sin(x)^2/2-1/2*ln(-sin(x)^2+1),0]
[115,cos(x)^2*(cos(x)/sin(x))^3,-cos(x)^2/2+1/2/(cos(x)^2-1)-ln(-cos(x)^2+1),0]
[116,(1/cos(x))^3*tan(x),1/3/cos(x)^3,0]
[117,(1/cos(x))^3*tan(x)^3,(-5*cos(x)^2+3)/15/cos(x)^5,0]
[118,sqrt(9-x^2)/x^2,-asin(1/3*x)-x/(-2*sqrt(-x^2+9)+6)+1/4*(-2*sqrt(-x^2+9)+6)/x,0]
[119,1/x^2/sqrt(4+x^2),2/((sqrt(x^2+4)-x)^2-4),0]
[120,x/sqrt(4+x^2),sqrt(x^2+4),0]
[121,1/sqrt(-a^2+x^2),-ln(abs(sqrt(-a^2+x^2)-x)),0]
[122,x^3/sqrt(9+4*x^2)/(9+4*x^2),1/4*(sqrt(4*x^2+9)/4+9/4/sqrt(4*x^2+9)),0]
[123,x/sqrt(3-2*x-x^2),-sqrt(-x^2-2*x+3)-asin(1/2*(x+1)),0]
[124,1/x^2/sqrt(1-x^2),-x/(-2*sqrt(-x^2+1)+2)+1/4*(-2*sqrt(-x^2+1)+2)/x,0]
[125,x^3*sqrt(4-x^2),1/5*sqrt(-x^2+4)*(-x^2+4)^2-4/3*sqrt(-x^2+4)*(-x^2+4),0]
[126,x/sqrt(1-x^2),-sqrt(-x^2+1),0]
[127,x*sqrt(4-x^2),-sqrt(-x^2+4)*(-x^2+4)/3,0]
[128,sqrt(1-4*x^2),2/4*x*sqrt(-4*x^2+1)+1/4*asin(2*x),0]
[129,x^3/sqrt(4+x^2),sqrt(x^2+4)*(x^2+4)/3-4*sqrt(x^2+4),0]
[130,1/sqrt(9+x^2),-ln(sqrt(x^2+9)-x),0]
[131,sqrt(1+x^2),2/4*x*sqrt(x^2+1)-1/2*ln(sqrt(x^2+1)-x),0]
[132,1/x^3/sqrt(-16+x^2),sqrt(x^2-16)/32/x^2+1/128*atan(sqrt(x^2-16)/4),0]
[133,sqrt(-a^2+x^2)/x^4,2*(3*(sqrt(-a^2+x^2)-x)^4+a^4)/3/((sqrt(-a^2+x^2)-x)^2+a^2)^3,0]
[134,sqrt(-4+9*x^2)/x,sqrt(9*x^2-4)-2*atan(sqrt(9*x^2-4)/2),0]
[135,1/x^2/sqrt(-9+16*x^2),8/((sqrt(16*x^2-9)-4*x)^2+9),0]
[136,x^2/sqrt(a^2-x^2)/(a^2-x^2),2/2*x*sqrt(a^2-x^2)/(a^2-x^2)-asin(x/a)*sign(a),0]
[137,x^2/sqrt(5-x^2),-2/4*x*sqrt(-x^2+5)+5/2*asin(x/sqrt(5)),0]
[138,1/x/sqrt(3+x^2),sqrt(3)/6*ln(sqrt(x^2+3)-sqrt(3))-sqrt(3)/6*ln(sqrt(x^2+3)+sqrt(3)),0]
[139,x/sqrt(4+x^2)/(4+x^2)^2,-1/3/sqrt(x^2+4)/(x^2+4),0]
[140,x^3*sqrt(4-9*x^2),(1/5*sqrt(-9*x^2+4)*(-9*x^2+4)^2-4/3*sqrt(-9*x^2+4)*(-9*x^2+4))/81,0]
[141,x^2*sqrt(9-x^2),2*(1/8*x*x-9/16)*x*sqrt(-x^2+9)+81/8*asin(1/3*x),0]
[142,5*x*sqrt(1+x^2),5*sqrt(x^2+1)*(x^2+1)/3,0]
[143,1/sqrt(-25+4*x^2)/(-25+4*x^2),-2/50*x*sqrt(4*x^2-25)/(4*x^2-25),0]
[144,sqrt(2*x-x^2),2*(1/4*x-1/4)*sqrt(-x^2+2*x)+1/2*asin(x-1),0]
[145,1/sqrt(8+4*x+x^2),-ln(sqrt(x^2+4*x+8)-x-2),0]
[146,1/sqrt(-8+6*x+9*x^2),-1/3*ln(abs(sqrt(9*x^2+6*x-8)-3*x-1)),0]
[147,x^2/sqrt(4*x-x^2),2*(-3/2-1/4*x)*sqrt(-x^2+4*x)+6*asin(1/2*(x-2)),0]
[148,1/(2+2*x+x^2)^2,(x+1)/(2*(x^2+2*x+2))+1/2*atan(x+1),0]
[149,1/sqrt(5-4*x-x^2)/(5-4*x-x^2)^2,2*(((-2/81-1/243*x)*x+1/162)*x+19/243)*sqrt(-x^2-4*x+5)/(-x^2-4*x+5)^2,0]
[150,exp(t)*sqrt(9-exp(2*t)),1/2*exp(t)*sqrt(-exp(t)^2+9)+9/2*asin(1/3*exp(t)),0]
[151,sqrt(-9+exp(2*t)),sqrt(exp(2*t)-9)-3*atan(sqrt(exp(2*t)-9)/3),0]
[152,1/sqrt(a^2+x^2),-ln(sqrt(a^2+x^2)-x),0]
[153,(5+x)/(-2+x+x^2),2*ln(abs(x-1))-ln(abs(x+2)),0]
[154,(x+x^3)/(-1+x),1/3*x^3+1/2*x^2+2*x+2*ln(abs(x-1)),0]
[155,(-1+2*x+x^2)/(-2*x+3*x^2+2*x^3),1/2*ln(abs(x))-1/10*ln(abs(x+2))+1/10*ln(abs(2*x-1)),0]
[156,(1+4*x-2*x^2+x^4)/(1-x-x^2+x^3),1/2*x^2+x-2/(x-1)-ln(abs(x+1))+ln(abs(x-1)),0]
[157,(4-x+2*x^2)/(4*x+x^3),ln(abs(x))+1/2*ln(x^2+4)-1/2*atan(x/2),0]
[158,(2-3*x+4*x^2)/(3-4*x+4*x^2),1/8*ln(4*x^2-4*x+3)-1/(4*sqrt(2))*atan((2*x-1)/sqrt(2))+4*x/4,0]
[159,(1+x^2+x^3)/(-1+x)/x/(1+x^2)^3/(1+x+x^2),-ln(abs(x))+1/8*ln(abs(x-1))-1/2*ln(x^2+x+1)-1/sqrt(3)*atan((2*x+1)/sqrt(3))+15/16*ln(x^2+1)+7/16*atan(x)+(18*x^3-12*x^2+22*x-8)*1/32/(x^2+1)^2,0]
[160,(1-3*x+2*x^2-x^3)/x/(1+x^2)^2,ln(abs(x))-1/2*ln(x^2+1)-2*atan(x)+(-2*x-1)*1/2/(x^2+1),0]
[161,1/(1+x^2)^2,x/(2*(x^2+1))+1/2*atan(x),0]
[162,1/(-1+x)/(2+x),1/3*ln(abs(x-1))-1/3*ln(abs(x+2)),0]
[163,7/(-12+5*x+2*x^2),7*(-1/11*ln(abs(x+4))+1/11*ln(abs(2*x-3))),0]
[164,(-4+3*x+x^2)/(-1+2*x)^2/(3+2*x),-25/128*ln(abs(2*x+3))+41/128*ln(abs(2*x-1))+36*1/128/(2*x-1),0]
[165,(-x^2+x^3)/(-6+x)/(3+5*x)^3,20/3993*ln(abs(x-6))+1493/499125*ln(abs(5*x+3))+(4422*x+10362/5)*1/66550/(5*x+3)^2,0]
[166,1/(-x^3+x^4),ln(abs(x-1))-ln(abs(x))+(2*x+1)*1/2/x^2,0]
[167,(1-x-x^2+x^3+x^4)/(-x+x^3),1/2*x^2+x-ln(abs(x))+1/2*ln(abs(x-1))+1/2*ln(abs(x+1)),0]
[168,(-2+x^2)/x/(2+x^2),-1/2*ln(x^2)+ln(x^2+2),0]
[169,(2-4*x^2+x^3)/(1+x^2)/(2+x^2),-1/2*ln(x^2+1)+6*atan(x)+ln(x^2+2)-20/(2*sqrt(2))*atan(x/sqrt(2)),0]
[170,(1+x^2+x^4)/(1+x^2)/(4+x^2)^2,1/9*atan(x)+25/144*atan(x/2)-13*x/(24*(x^2+4)),0]
[171,(1+16*x)/(5+x)^2/(-3+2*x)/(1+x+x^2),200/3211*ln(abs(2*x-3))-481/5586*ln(x^2+x+1)+451/(2793*sqrt(3))*atan((2*x+1)/sqrt(3))+2731/24843*ln(abs(x+5))-7189*1/24843/(x+5),0]
[172,x^4/(9+x^2)^3,(-5*x^3-27*x)/(8*(x^2+9)^2)+1/8*atan(x/3),0]
[173,19*x/(-1+x)^3/(3+5*x+4*x^2)^2,19*(-11/4608*ln(4*x^2+5*x+3)+6023/(52992*sqrt(23))*atan((8*x+5)/sqrt(23))+11/2304*ln(abs(x-1))+(4656*x^3-4884*x^2-1440*x-540)*1/52992/(x-1)^2/(4*x^2+5*x+3)),0]
[174,(1+x^2+x^3)/(2*x^2+x^3+x^4),5/8*ln(x^2+x+2)+1/(4*sqrt(7))*atan((2*x+1)/sqrt(7))-1/4*ln(abs(x))-2*1/4/x,0]
[175,1/(-x^3+x^6),1/3*ln(abs(x-1))-1/6*ln(x^2+x+1)-1/sqrt(3)*atan((2*x+1)/sqrt(3))+1/(2*x^2),0]
[176,x^2/(1+x),1/2*x^2-x+ln(abs(x+1)),0]
[177,x/(-5+x),x+5*ln(abs(x-5)),0]
[178,(-1+4*x)/(-1+x)/(2+x),ln(abs(x-1))+3*ln(abs(x+2)),0]
[179,1/(1+x)/(2+x),ln(abs(x+1))-ln(abs(x+2)),0]
[180,(-5+6*x)/(3+2*x),6*x/2-7*ln(abs(2*x+3)),0]
[181,1/(a+x)/(b+x),1/(a-b)*ln(abs(x+b))+1/(-a+b)*ln(abs(x+a)),0]
[182,(1+x^2)/(-x+x^2),x-ln(abs(x))+2*ln(abs(x-1)),0]
[183,(1-12*x+x^2+x^3)/(-12+x+x^2),1/7*ln(abs(x-3))-1/7*ln(abs(x+4))+1/2*x^2,0]
[184,(3+2*x)/(1+x)^2,-1/(x+1)+2*ln(abs(x+1)),0]
[185,1/x/(1+x)/(3+2*x),1/3*ln(abs(x))-ln(abs(x+1))+2/3*ln(abs(2*x+3)),0]
[186,(-3+5*x+6*x^2)/(-3*x+2*x^2+x^3),ln(abs(x))+2*ln(abs(x-1))+3*ln(abs(x+3)),0]
[187,x/(4+4*x+x^2),2/(x+2)+ln(abs(x+2)),0]
[188,1/(-1+x)^2/(4+x),1/25*ln(abs(x+4))-1/25*ln(abs(x-1))-5*1/25/(x-1),0]
[189,x^2/(-3+x)/(2+x)^2,9/25*ln(abs(x-3))+16/25*ln(abs(x+2))+20*1/25/(x+2),0]
[190,(-2+3*x+5*x^2)/(2*x^2+x^3),3*ln(abs(x+2))+2*ln(abs(x))+1/x,0]
[191,(18-2*x-4*x^2)/(-6+x+4*x^2+x^3),ln(abs(x-1))-2*ln(abs(x+2))-3*ln(abs(x+3)),0]
[192,(2*x+x^2)/(4+3*x^2+x^3),1/3*ln(abs(x^3+3*x^2+4)),0]
[193,1/(-1+x)^2/x^2,2*ln(abs(x))-2*ln(abs(x-1))+(2*x-1)/(-x^2+x),0]
[194,x^2/(1+x)^3,(4*x+3)*1/2/(x+1)^2+ln(abs(x+1)),0]
[195,1/(-x^2+x^4),1/2*ln(abs(x-1))-1/2*ln(abs(x+1))+1/x,0]
[196,(-x+2*x^3)/(1-x^2+x^4),1/2*ln(x^4-x^2+1),0]
[197,x^3/(1+x^2),1/2*(x^2-ln(x^2+1)),0]
[198,(-1+x)/(2+2*x+x^2),1/2*ln(x^2+2*x+2)-2*atan(x+1),0]
[199,x/(1+x+x^2),1/2*ln(x^2+x+1)-1/sqrt(3)*atan((2*x+1)/sqrt(3)),0]
[200,(7+5*x+4*x^2)/(5+4*x+4*x^2),1/8*ln(4*x^2+4*x+5)+3/8*atan((2*x+1)/2)+4*x/4,0]
[201,(5-4*x+3*x^2)/(-1+x)/(1+x^2),2*ln(abs(x-1))+1/2*ln(x^2+1)-3*atan(x),0]
[202,(3+2*x)/(3*x+x^3),ln(abs(x))-1/2*ln(x^2+3)+4/(2*sqrt(3))*atan(x/sqrt(3)),0]
[203,1/(-1+x^3),-1/6*ln(x^2+x+1)-sqrt(3)/3*atan((x+1/2)/(sqrt(3)/2))+1/3*ln(abs(x-1)),0]
[204,x^3/(1+x^3),x-1/3*ln(abs(x+1))+1/6*ln(x^2-x+1)-1/sqrt(3)*atan((2*x-1)/sqrt(3)),0]
[205,(-1-2*x+x^2)/(-1+x)^2/(1+x^2),-1/2*ln(x^2+1)+atan(x)+ln(abs(x-1))+1/(x-1),0]
[206,x^4/(-1+x^4),x+1/4*ln(abs(x-1))-1/4*ln(abs(x+1))-1/2*atan(x),0]
[207,(-4+6*x-x^2+3*x^3)/(1+x^2)/(2+x^2),3/2*ln(x^2+1)-3*atan(x)+4/(2*sqrt(2))*atan(x/sqrt(2)),0]
[208,(1+x-2*x^2+x^3)/(4+5*x^2+x^4),atan(x)+1/2*ln(x^2+4)-3/2*atan(x/2),0]
[209,(-3+x)/(4+2*x+x^2)^2,(-4*x-7)/(6*(x^2+2*x+4))-4/(3*2*sqrt(3))*atan((x+1)/sqrt(3)),0]
[210,(1+x^4)/x/(1+x^2)^2,1/(x^2+1)+1/2*ln(x^2),0]
[211,cos(x)*(-3+2*sin(x))/(2-3*sin(x)+sin(x)^2),ln(-sin(x)+2)+ln(-sin(x)+1),0]
[212,cos(x)^2*sin(x)/(5+cos(x)^2),-cos(x)+5/sqrt(5)*atan(cos(x)/sqrt(5)),0]
[213,1/(-3+2*x+x^2),1/4*ln(abs(x-1))-1/4*ln(abs(x+3)),0]
[214,1/(-2*x+x^2),-1/2*ln(abs(x))+1/2*ln(abs(x-2)),0]
[215,(1+2*x)/(-7+12*x+4*x^2),1/8*ln(abs(2*x-1))+3/8*ln(abs(2*x+7)),0]
[216,x/(-1+x+x^2),1/2*ln(abs(x^2+x-1))-1/(2*sqrt(5))*ln(abs((2*x+1-sqrt(5))/(2*x+1+sqrt(5)))),0]
[217,(-32+5*x-27*x^2+4*x^3)/(-70-299*x-286*x^2+50*x^3-13*x^4+30*x^5),-334/323*ln(abs(2*x+1))-3146/80155*ln(abs(3*x-7))+4822/4879*ln(abs(5*x+2))+11049/260015*ln(x^2+x+5)+3988/(13685*sqrt(19))*atan((2*x+1)/sqrt(19)),0]
[218,(8-13*x^2-7*x^3+12*x^5)/(4-20*x+41*x^2-80*x^3+116*x^4-80*x^5+100*x^6),-59096/99825*ln(abs(5*x-2))+2843/7986*ln(2*x^2+1)+503/(3993*2*sqrt(2))*atan(2*x/sqrt(2))+(-36458*x^2-4675*x-2554)*1/12100/(5*x-2)/(2*x^2+1),0]
[219,sqrt(4+x)/x,2*ln(abs(sqrt(x+4)-2))-2*ln(sqrt(x+4)+2)+2*sqrt(x+4),0]
[220,1/(-1/x^(1/3)+sqrt(x)),6*(-sqrt(5)/20*ln(x^(1/3)+(-sqrt(5)+1)/2*x^(1/6)+1)+sqrt(2*(-sqrt(5)+5))/10*atan((x^(1/6)-(sqrt(5)-1)/4)/sqrt(2*sqrt(5)+10)*4)+1/5*ln(abs(x^(1/6)-1))+sqrt(5)/20*ln(x^(1/3)+(sqrt(5)+1)/2*x^(1/6)+1)-sqrt(2*(sqrt(5)+5))/10*atan((x^(1/6)+(sqrt(5)+1)/4)/sqrt(-2*sqrt(5)+10)*4)-1/20*ln((x^(1/3))^2+x^(1/6)*x^(1/3)+x^(1/3)+x^(1/6)+1)+1/3*x^(1/6)*x^(1/3)),0]
[221,1/(-4*cos(x)+3*sin(x)),2*(-1/10*ln(abs(tan(x/2)+2))+1/10*ln(abs(2*tan(x/2)-1))),0]
[222,1/(1+sqrt(x)),2*(sqrt(x)-ln(sqrt(x)+1)),0]
[223,1/(1+1/x^(1/3)),3*(1/3*x-1/2*(x^(1/3))^2+x^(1/3)-ln(abs(x^(1/3)+1))),0]
[224,sqrt(x)/(1+x),2*(sqrt(x)-atan(sqrt(x))),0]
[225,1/x/sqrt(1+x),2*(1/2*ln(abs(sqrt(x+1)-1))-1/2*ln(sqrt(x+1)+1)),0]
[226,1/(-x^(1/3)+x),3*(1/2*ln(abs(x^(1/3)-1))+1/2*ln(abs(x^(1/3)+1))),0]
[227,1/(x-sqrt(2+x)),2*(2/3*ln(abs(sqrt(x+2)-2))+1/3*ln(sqrt(x+2)+1)),0]
[228,x^2/sqrt(-1+x),2*(1/5*sqrt(x-1)*(x-1)^2+2/3*sqrt(x-1)*(x-1)+sqrt(x-1)),0]
[229,sqrt(-1+x)/(1+x),2*sqrt(x-1)-4/sqrt(2)*atan(sqrt(x-1)/sqrt(2)),0]
[230,1/sqrt(1+sqrt(x)),4*(sqrt(sqrt(x)+1)*(sqrt(x)+1)/3-sqrt(sqrt(x)+1)),0]
[231,sqrt(x)/(x+x^2),2*atan(sqrt(x)),0]
[232,(1+sqrt(x))/(-1+sqrt(x)),x+4*sqrt(x)+4*ln(abs(sqrt(x)-1)),0]
[233,(1+1/x^(1/3))/(-1+1/x^(1/3)),-x-3*(x^(1/3))^2-6*x^(1/3)-6*ln(abs(x^(1/3)-1)),0]
[234,x^3/(1+x^2)^(1/3),3/10*((x^2+1)^(1/3))^2*(x^2+1)-3/2*((x^2+1)^(1/3))^2/2,0]
[235,sqrt(x)/(-1/x^(1/3)+sqrt(x)),6*(1/6*x+x^(1/6)+sqrt(5)/20*ln(x^(1/3)+(-sqrt(5)+1)/2*x^(1/6)+1)-sqrt(2*(sqrt(5)+5))/10*atan((x^(1/6)-(sqrt(5)-1)/4)/sqrt(2*sqrt(5)+10)*4)+1/5*ln(abs(x^(1/6)-1))-sqrt(5)/20*ln(x^(1/3)+(sqrt(5)+1)/2*x^(1/6)+1)-sqrt(2*(-sqrt(5)+5))/10*atan((x^(1/6)+(sqrt(5)+1)/4)/sqrt(-2*sqrt(5)+10)*4)-1/20*ln(x^(1/6)*sqrt(x)+sqrt(x)+x^(1/3)+x^(1/6)+1)),0]
[236,1/(1/x^(1/4)+sqrt(x)),4*(1/3*ln(x^(1/4)+1)-1/6*ln(sqrt(x)-x^(1/4)+1)-1/sqrt(3)*atan((2*x^(1/4)-1)/sqrt(3))+1/2*sqrt(x)),0]
[237,1/(1/x^(1/3)+1/x^(1/4)),12*(1/15*x^(1/4)*x-1/14*x^(1/6)*x+1/13*x^(1/12)*x-1/12*x+1/11*x^(1/4)*(x^(1/3))^2-1/10*x^(1/6)*(x^(1/3))^2+1/9*x^(1/12)*(x^(1/3))^2-1/8*(x^(1/3))^2+1/7*x^(1/4)*x^(1/3)-1/6*x^(1/6)*x^(1/3)+1/5*x^(1/12)*x^(1/3)-1/4*x^(1/3)+1/3*x^(1/4)-1/2*x^(1/6)+x^(1/12)-ln(x^(1/12)+1)),0]
[238,sqrt((1-x)/x),1/2*asin(2*x-1)*sign(x)+sign(x)*sqrt(-x^2+x)+pi/4*sign(x),(x*sqrt(-x^2+x)*sign(x)-sqrt(-x^2+x)*abs(x))/x^2]
[239,cos(x)/(sin(x)+sin(x)^2),ln(abs(sin(x)))-ln(sin(x)+1),0]
[240,exp(2*x)/(2+3*exp(x)+exp(2*x)),-ln(exp(x)+1)+2*ln(exp(x)+2),0]
[241,1/sqrt(1+exp(x)),2*(1/2*ln(sqrt(exp(x)+1)-1)-1/2*ln(sqrt(exp(x)+1)+1)),0]
[242,sqrt(1-exp(x)),ln(-sqrt(-exp(x)+1)+1)-ln(sqrt(-exp(x)+1)+1)+2*sqrt(-exp(x)+1),0]
[243,1/(3-5*sin(x)),2*(1/8*ln(abs(tan(x/2)-3))-1/8*ln(abs(3*tan(x/2)-1))),0]
[244,1/(cos(x)+sin(x)),-2/(2*sqrt(2))*ln(abs(2*tan(x/2)-2-2*sqrt(2))/abs(2*tan(x/2)-2+2*sqrt(2))),0]
[245,1/(1-cos(x)+sin(x)),2*(1/2*ln(abs(tan(x/2)))-1/2*ln(abs(tan(x/2)+1))),0]
[246,1/(4*cos(x)+3*sin(x)),2*(-1/10*ln(abs(tan(x/2)-2))+1/10*ln(abs(2*tan(x/2)+1))),0]
[247,1/(sin(x)+tan(x)),2*(-(1-cos(x))/(1+cos(x))/8+1/8*ln((1-cos(x))/(1+cos(x)))),0]
[248,1/(2*sin(x)+sin(2*x)),2*((1-cos(x))/(1+cos(x))/16+1/16*ln((1-cos(x))/(1+cos(x)))),0]
[249,1/cos(x)/(1+sin(x)),-1/4*ln(-sin(x)+1)+1/4*ln(sin(x)+1)-1/2/(sin(x)+1),0]
[250,1/(b*cos(x)+a*sin(x)),-2/(2*sqrt(a^2+b^2))*ln(abs(2*tan(x/2)*b-2*a-2*sqrt(a^2+b^2))/abs(2*tan(x/2)*b-2*a+2*sqrt(a^2+b^2))),0]
[251,1/(b^2*cos(x)^2+a^2*sin(x)^2),2/(2*a*b)*(atan(a*tan(x)/b)+pi*floor(x/pi+1/2)),0]
[252,x/(-1+x^2),1/2*ln(abs(x^2-1)),0]
[253,sqrt(x)*(1+sqrt(x)),x^2/2+2*sqrt(x)*x/3,0]
[254,1/(1-cos(x)),-2/(2*tan(x/2)),0]
[255,1/cos(x)*tan(x)^2,2*(1/8*ln(-sin(x)+1)-1/8*ln(sin(x)+1)-sin(x)/(4*(sin(x)^2-1))),0]
[256,(1/cos(x))^3*tan(x)^3,(-5*cos(x)^2+3)/15/cos(x)^5,0]
[257,exp(sqrt(x)),2*(sqrt(x)-1)*exp(sqrt(x)),0]
[258,(1+x^5)/(-10*x-3*x^2+x^3),1/3*x^3+3/2*x^2+19*x-1/10*ln(abs(x))+3126/35*ln(abs(x-5))-31/14*ln(abs(x+2)),0]
[259,1/x/sqrt(ln(x)),2*sqrt(ln(x)),0]
[260,(5+2*x)/(-3+x),2*x+11*ln(abs(x-3)),0]
[261,exp(exp(x)+x),exp(exp(x)),0]
[262,cos(x)^2*sin(x)^2,1/8*x-1/32*sin(4*x),0]
[263,(-cos(x)+sin(x))/(cos(x)+sin(x)),2*(-1/2*ln(abs(tan(x)+1))+1/4*ln(tan(x)^2+1)),0]
[264,x/sqrt(1-x^2),-sqrt(-x^2+1),0]
[265,x^3*ln(x),-1/16*x^4+1/4*x^4*ln(x),0]
[266,sqrt(-2+x)/(2+x),2*sqrt(x-2)-4*atan(sqrt(x-2)/2),0]
[267,x/(2+x)^2,2/(x+2)+ln(abs(x+2)),0]
[268,ln(1+x^2),x*ln(1+x^2)-2*(x-atan(x)),0]
[269,sqrt(1+ln(x))/x/ln(x),ln(sqrt(ln(x)+1)-1)-ln(sqrt(ln(x)+1)+1)+2*sqrt(ln(x)+1),0]
[270,(1+sqrt(x))^8,x^5/5+16*sqrt(x)*x^4/9+28*x^4/4+112*sqrt(x)*x^3/7+70*x^3/3+112*sqrt(x)*x^2/5+28*x^2/2+16*sqrt(x)*x/3+2*x/2,0]
[271,(1/cos(x))^4*tan(x)^3,(-3*cos(x)^2+2)/12/cos(x)^6,0]
[272,x/(2-2*x+x^2),1/2*ln(x^2-2*x+2)+atan(x-1),0]
[273,x*asin(x),1/4*asin(x)+1/4*x*sqrt(-x^2+1)-1/2*asin(x)*(-x^2+1),0]
[274,sqrt(9-x^2)/x,sqrt(-x^2+9)+3/2*ln(-sqrt(-x^2+9)+3)-3/2*ln(sqrt(-x^2+9)+3),0]
[275,x/(2+3*x+x^2),-ln(abs(x+1))+2*ln(abs(x+2)),0]
[276,x^2*cosh(x),1/2*((x^2-2*x+2)*exp(x)+(-x^2-2*x-2)*exp(-x)),(-2*x^2*cosh(x)*exp(x)+x^2*exp(x)^2+x^2)/(2*exp(x))]
[277,(1+x+x^3)/(4*x+2*x^2+x^4),1/4*ln(abs(x))+1/4*ln(abs(x^3+2*x+4)),0]
[278,cos(x)/(1+sin(x)^2),atan(sin(x)),0]
[279,cos(sqrt(x)),2*(cos(sqrt(x))+sqrt(x)*sin(sqrt(x))),0]
[280,sin(pi*x),-cos(pi*x)/pi,0]
[281,exp(2*x)/(1+exp(x)),exp(x)-ln(exp(x)+1),0]
[282,exp(3*x)*cos(5*x),exp(3*x)*(3/34*cos(5*x)+5/34*sin(5*x)),0]
[283,cos(3*x)*cos(5*x),1/4*sin(2*x)+1/16*sin(8*x),0]
[284,1/(1+x+x^2+x^3),1/2*ln(abs(x+1))-1/4*ln(x^2+1)+1/2*atan(x),0]
[285,x^2*ln(1+x),-1/9*(x+1)^3+1/2*(x+1)^2-ln(x+1)*(x+1)^2+1/3*ln(x+1)*(x+1)^3+ln(x+1)*(x+1)-x-1,0]
[286,x^5/exp(x^3),1/3*(-x^3-1)*exp(-x^3),0]
[287,tan(4*x)^2,tan(4*x)/4-x,0]
[288,1/sqrt(-5+12*x+9*x^2),-1/3*ln(abs(sqrt(9*x^2+12*x-5)-3*x-2)),0]
[289,x^2*atan(x),x^3/3*atan(x)-1/2*(x^2/3-1/3*ln(x^2+1)),0]
[290,(1-sqrt(x))/x^(1/3),-6*x^(1/6)*x/7+6*x^(1/6)*sqrt(x)/4,0]
[291,1/(-1/exp(x)+exp(x)),1/2*ln(abs(exp(x)-1))-1/2*ln(exp(x)+1),0]
[292,x/(10+2*x^2+x^4),1/6*atan((x^2+1)/3),0]
[293,1/(1/x^(1/3)+x),3*(1/4*ln((x^(1/3))^2-sqrt(2)*x^(1/3)+1)+1/4*ln((x^(1/3))^2+sqrt(2)*x^(1/3)+1)),0]
[294,cos(x)^4*sin(x)^2,1/16*x+1/64*sin(2*x)-1/64*sin(4*x)-1/192*sin(6*x),0]
[295,1/sqrt(5-4*x-x^2),asin(1/3*(x+2)),0]
[296,x/(1-x^2+sqrt(1-x^2)),-ln(sqrt(-x^2+1)+1),0]
[297,(1+cos(x))/sin(x),ln(-cos(x)+1),0]
[298,exp(x)/(-1+exp(2*x)),1/2*ln(abs(exp(x)-1))-1/2*ln(exp(x)+1),0]
[299,1/(-8+x^3),-1/24*ln(x^2+8^(1/3)*x+8^(1/3)*8^(1/3))-sqrt(3)/12*atan((x+1/2*8^(1/3))/(sqrt(3)/2*8^(1/3)))+8^(1/3)/24*ln(abs(x-8^(1/3))),0]
[300,x^5*cosh(x),1/2*((x^5-5*x^4+20*x^3-60*x^2+120*x-120)*exp(x)+(-x^5-5*x^4-20*x^3-60*x^2-120*x-120)*exp(-x)),(-2*x^5*cosh(x)*exp(x)+x^5*exp(x)^2+x^5)/(2*exp(x))]
[301,ln(tan(x))/cos(x)/sin(x),ln(tan(x))^2/2,0]
[302,-2*x+x^2+x^3,-2*x^2/2+x^3/3+x^4/4,0]
[303,(1+exp(x))/(1-exp(x)),x-2*ln(abs(exp(x)-1)),0]
[304,x/(1+x^2)/(4+x^2),1/2*(1/3*ln(x^2+1)-1/3*ln(x^2+4)),0]
[305,1/(4-5*sin(x)),2*(1/6*ln(abs(tan(x/2)-2))-1/6*ln(abs(2*tan(x/2)-1))),0]
[306,x*(c+x)^(1/3),3*c*((c+x)^(1/3)*(c+x)/4-c*(c+x)^(1/3))+3*(1/7*(c+x)^(1/3)*(c+x)^2-1/2*(c+x)^(1/3)*(c+x)*c+(c+x)^(1/3)*c^2),0]
[307,exp(x^(1/3)),3*((x^(1/3))^2-2*x^(1/3)+2)*exp(x^(1/3)),0]
[308,1/(4+x+sqrt(1+x)),2*(1/2*ln(x+1+sqrt(x+1)+3)-1/sqrt(11)*atan((2*sqrt(x+1)+1)/sqrt(11))),0]
[309,(1+x^3)/(-x^2+x^3),x+1/x+2*ln(abs(x-1))-ln(abs(x)),0]
[310,(-3+4*x+x^2)*sin(2*x),(-4*x^2-16*x+14)/8*cos(2*x)-(-4*x-8)/8*sin(2*x),0]
[311,cos(cos(x))*sin(x),-sin(cos(x)),0]
[312,1/sqrt(16-x^2),asin(1/4*x),0]
[313,x^3/(1+x)^10,(-84*x^3-36*x^2-9*x-1)/(504*(x+1)^9),0]
[314,(cos(2*x)/sin(2*x))^3*(1/sin(2*x))^3,1/2*(5*sin(2*x)^2-3)/15/sin(2*x)^5,0]
[315,(x+sin(x))^2,-2*x*cos(x)+2*sin(x)+(2/3*x^3+x)/2-1/4*sin(2*x),0]
[316,exp(atan(x))/(1+x^2),exp(atan(x)),0]
[317,1/x/(1+x^4),1/4*ln(x^4)-1/4*ln(x^4+1),0]
[318,t^3/exp(2*t),(-8*t^3-12*t^2-12*t-6)/16*exp(-2*t),0]
[319,sqrt(t)/(1+t^(1/3)),6*(1/7*t^(1/6)*t-1/5*t^(1/3)*sqrt(t)+1/3*sqrt(t)-t^(1/6)+atan(t^(1/6))),0]
[320,sin(x)*sin(2*x)*sin(3*x),4*cos(x)^6/3-5*cos(x)^4/2+cos(x)^2,0]
[321,ln(1/2*x),2*(1/2*x*ln(1/2*x)-1/2*x),0]
[322,sqrt((1+x)/(1-x)),-asin(x)*sign(x-1)+sign(x-1)*sqrt(-x^2+1)+pi/2*sign(x-1),(x*sqrt(-x^2+1)*sign(x-1)-sqrt(-x^2+1)*abs(x-1)-sqrt(-x^2+1)*sign(x-1))/(x^2-2*x+1)]
[323,x*ln(x)/sqrt(-1+x^2),-sqrt(x^2-1)+atan(sqrt(x^2-1))+sqrt(x^2-1)*ln(x),0]
[324,(a+x)/(a^2+x^2),1/2*ln(x^2+a^2)+atan(x/a),0]
[325,sqrt(1+x-x^2),2*(1/4*x-1/8)*sqrt(-x^2+x+1)+5/8*asin((2*x-1)/sqrt(5)),0]
[326,x^4/(16+x^10),1/20*atan(x^5/4),0]
[327,(2+x)/(2+x+x^2),1/2*ln(x^2+x+2)+3/sqrt(7)*atan((2*x+1)/sqrt(7)),0]
[328,x/cos(x)*tan(x),(-2*x*tan(x/2)^2-2*x-ln((2*tan(x/2)^2+4*tan(x/2)+2)/(tan(x/2)^2+1))*tan(x/2)^2+ln((2*tan(x/2)^2+4*tan(x/2)+2)/(tan(x/2)^2+1))+ln((2*tan(x/2)^2-4*tan(x/2)+2)/(tan(x/2)^2+1))*tan(x/2)^2-ln((2*tan(x/2)^2-4*tan(x/2)+2)/(tan(x/2)^2+1)))/(2*tan(x/2)^2-2),0]
[329,x/(-a^4+x^4),1/2*(1/2/a^2*ln(abs(x^2-a^2))-1/2/a^2*ln(x^2+a^2)),0]
[330,1/(sqrt(x)+sqrt(1+x)),2*(-1/3*sqrt(x)*x+2*(1/6*sqrt(x)*sqrt(x)+1/6)*sqrt(x+1)),0]
[331,1/(1-1/exp(x)+2*exp(x)),-1/3*ln(exp(x)+1)+1/3*ln(abs(2*exp(x)-1)),0]
[332,atan(sqrt(x))/sqrt(x),2*(sqrt(x)*atan(sqrt(x))-ln(x+1)/2),0]
[333,ln(1+x)/x^2,ln(abs(x))-ln(abs(x+1))-1/x*ln(1+x),0]
[334,1/(-exp(x)+exp(3*x)),1/2*ln(abs(exp(x)-1))-1/2*ln(exp(x)+1)+1/exp(x),0]
[335,(1+cos(x)^2)/(1-cos(x)^2),2*(tan(x/2)/2-1/(2*tan(x/2))-x/2),0]
[336,1/x/sqrt(-25+2*x),2/5*atan(sqrt(2*x-25)/5),0]
[337,sin(2*x)/sqrt(9-cos(x)^4),-asin(1/3*cos(x)^2),0]
[338,x^2/sqrt(5-4*x^2),-2/16*x*sqrt(-4*x^2+5)+5/16*asin(2*x/sqrt(5)),0]
[339,x^3*sin(x),(-x^3+6*x)*cos(x)+(3*x^2-6)*sin(x),0]
[340,x*sqrt(4+2*x+x^2),2*((1/6*x+1/12)*x+5/12)*sqrt(x^2+2*x+4)+3/2*ln(sqrt(x^2+2*x+4)-x-1),0]
[341,x*(5+x^2)^8,1/2*(5+x^2)^9/9,0]
[342,cos(x)^2*sin(x)^5,-cos(x)^7/7+2*cos(x)^5/5-cos(x)^3/3,0]
[343,cos(4*x)/exp(3*x),exp(-3*x)*(-3/25*cos(4*x)+4/25*sin(4*x)),0]
[344,(1/sin(1/2*x))^3,4*((1-cos(x/2))/(1+cos(x/2))/16+(-2*(1-cos(x/2))/(1+cos(x/2))-1)/(16*(1-cos(x/2))/(1+cos(x/2)))+1/8*ln((1-cos(x/2))/(1+cos(x/2)))),0]
[345,sqrt(-1+9*x^2)/x^2,2*(-3/((sqrt(9*x^2-1)-3*x)^2+1)-3/4*ln((sqrt(9*x^2-1)-3*x)^2)),0]
[346,sqrt(4-3*x^2)/x,ln(-sqrt(-3*x^2+4)+2)-ln(sqrt(-3*x^2+4)+2)+sqrt(-3*x^2+4),0]
[347,exp(3*x)*x^2,(9*x^2-6*x+2)/27*exp(3*x),0]
[348,cos(x)*sin(x)/sqrt(2)/abs(cos(x/2-pi/4)),1/sqrt(2)/1572864*(-25165824*tan(1/4*x)^4-33554432*tan(1/4*x)^3-8388608)/(sqrt(2)*(tan(1/4*x)^2+1)^3*sign(cos(-1/4*pi+1/2*x))),(4*sqrt(2)*cos(1/4*pi-1/2*x)*tan(x)^2*tan(1/4*x)^5+8*sqrt(2)*cos(1/4*pi-1/2*x)*tan(x)^2*tan(1/4*x)^4-8*sqrt(2)*cos(1/4*pi-1/2*x)*tan(x)^2*tan(1/4*x)^3-8*sqrt(2)*cos(1/4*pi-1/2*x)*tan(x)^2*tan(1/4*x)^2+4*sqrt(2)*cos(1/4*pi-1/2*x)*tan(x)^2*tan(1/4*x)+4*sqrt(2)*cos(1/4*pi-1/2*x)*tan(1/4*x)^5+8*sqrt(2)*cos(1/4*pi-1/2*x)*tan(1/4*x)^4-8*sqrt(2)*cos(1/4*pi-1/2*x)*tan(1/4*x)^3-8*sqrt(2)*cos(1/4*pi-1/2*x)*tan(1/4*x)^2+4*sqrt(2)*cos(1/4*pi-1/2*x)*tan(1/4*x)-tan(x)*tan(1/4*x)^6-3*tan(x)*tan(1/4*x)^4-3*tan(x)*tan(1/4*x)^2-tan(x))/(sqrt(2)*abs(cos(1/4*pi-1/2*x))*tan(x)^2*tan(1/4*x)^6+3*sqrt(2)*abs(cos(1/4*pi-1/2*x))*tan(x)^2*tan(1/4*x)^4+3*sqrt(2)*abs(cos(1/4*pi-1/2*x))*tan(x)^2*tan(1/4*x)^2+sqrt(2)*abs(cos(1/4*pi-1/2*x))*tan(x)^2+sqrt(2)*abs(cos(1/4*pi-1/2*x))*tan(1/4*x)^6+3*sqrt(2)*abs(cos(1/4*pi-1/2*x))*tan(1/4*x)^4+3*sqrt(2)*abs(cos(1/4*pi-1/2*x))*tan(1/4*x)^2+sqrt(2)*abs(cos(1/4*pi-1/2*x)))]
[349,x*asin(x^2),1/2*(x^2*asin(x^2)+sqrt(1-x^4)),0]
[350,x^3*asin(x^2),1/2*(1/4*asin(x^2)+1/4*x^2*sqrt(-x^4+1)-1/2*asin(x^2)*(-x^4+1)),0]
[351,exp(x)/cosh(exp(x)),2*atan(exp(exp(x))),(2*cosh(exp(x))*exp(exp(x))*exp(x)-exp(exp(x))^2*exp(x)-exp(x))/(cosh(exp(x))*exp(exp(x))^2+cosh(exp(x)))]
[352,x^2*cos(3*x),6*x/27*cos(3*x)-(-9*x^2+2)/27*sin(3*x),0]
[353,sqrt(5-4*x-x^2),2*(1/4*x+1/2)*sqrt(-x^2-4*x+5)+9/2*asin(1/3*(x+2)),0]
[354,x^5/(x^2+sqrt(2)),(x^4+(-2*sqrt(2))*x^2)/4+ln(x^2+sqrt(2)),0]
[355,(1/cos(x))^5,2*(-3/32*ln(-sin(x)+1)+3/32*ln(sin(x)+1)-(3*sin(x)^3-5*sin(x))/(16*(sin(x)^2-1)^2)),0]
[356,sin(2*x)^6,5/16*x-15/128*sin(4*x)+3/128*sin(8*x)-1/384*sin(12*x),0]
[357,cos(x)*ln(sin(x))*sin(x)^2,-1/9*sin(x)^3+1/3*sin(x)^3*ln(sin(x)),0]
[358,1/exp(x)/(1+2*exp(x)),2*ln(2*exp(x)+1)-2*x-1/exp(x),0]
[359,sqrt(2+3*cos(x))*tan(x),-2*sqrt(3*cos(x)+2)-2/sqrt(2)*ln(abs(2*sqrt(3*cos(x)+2)-2*sqrt(2))/(2*sqrt(3*cos(x)+2)+2*sqrt(2))),0]
[360,x/sqrt(-4*x+x^2),sqrt(x^2-4*x)-2*ln(abs(sqrt(x^2-4*x)-x+2)),0]
[361,cos(x)^5,1/5*sin(x)^5-2/3*sin(x)^3+sin(x),0]
[362,x^4/exp(x),(-x^4-4*x^3-12*x^2-24*x-24)*exp(-x),0]
[363,x^4/sqrt(-2+x^10),-1/5*ln(abs(sqrt(x^10-2)-x^5)),0]
[364,exp(x)*cos(4+3*x),exp(x)*(1/10*cos(3*x+4)+3/10*sin(3*x+4)),0]
[365,exp(x)*ln(1+exp(x)),-exp(x)-1+(exp(x)+1)*ln(exp(x)+1),0]
[366,x^2*atan(x),x^3/3*atan(x)-1/2*(x^2/3-1/3*ln(x^2+1)),0]
[367,sqrt(-1+exp(2*x)),sqrt(exp(2*x)-1)-atan(sqrt(exp(2*x)-1)),0]
[368,exp(sin(x))*sin(2*x),2*(sin(x)-1)*exp(sin(x)),0]
[369,x^2*sqrt(5-x^2),2*(1/8*x*x-5/16)*x*sqrt(-x^2+5)+25/8*asin(x/sqrt(5)),0]
[370,x^2*(1+x^3)^4,1/3*(1+x^3)^5/5,0]
[371,cos(x)^3*sin(x)^3,1/2*(cos(x)^6/3-cos(x)^4/2),0]
[372,(1/cos(x))^4*tan(x)^2,tan(x)^5/5+tan(x)^3/3,0]
[373,x*sqrt(1+2*x),2*(1/5*sqrt(2*x+1)*(2*x+1)^2-2/3*sqrt(2*x+1)*(2*x+1)+sqrt(2*x+1))/4+1/2*(sqrt(2*x+1)*(2*x+1)/3-sqrt(2*x+1)),0]
[374,sin(x)^4,3/8*x-1/4*sin(2*x)+1/32*sin(4*x),0]
[375,tan(x)^3,1/2*(tan(x)^2-ln(tan(x)^2+1)),0]
[376,x^5*sqrt(1+x^2),1/7*sqrt(x^2+1)*(x^2+1)^3-2/5*sqrt(x^2+1)*(x^2+1)^2+1/3*sqrt(x^2+1)*(x^2+1),0]
Time:6.66, tests: 376, integration failures: 0[], simplification failures: 10[11,12,34,35,238,276,300,322,348,351], not cheked: 0[], assumptions: 1[269]
