[1,asin(x)*ln(x),4*x^2*(1/(sqrt(-x^2+1)+1))^2/(2*x^2*(1/(sqrt(-x^2+1)+1))^2+2)-4/(2*x^2*(1/(sqrt(-x^2+1)+1))^2+2)+ln(x)*sqrt(-x^2+1)-2*ln(abs(x))/(2*x^2*(1/(sqrt(-x^2+1)+1))^2+2)+2*ln(sqrt(-x^2+1)+1)/(2*x^2*(1/(sqrt(-x^2+1)+1))^2+2)+x*ln(x)*asin(x)-4*x*asin(x)/((sqrt(-x^2+1)+1)*(2*x^2*(1/(sqrt(-x^2+1)+1))^2+2))-2*x^2*ln(abs(x))*(1/(sqrt(-x^2+1)+1))^2/(2*x^2*(1/(sqrt(-x^2+1)+1))^2+2)+2*x^2*ln(sqrt(-x^2+1)+1)*(1/(sqrt(-x^2+1)+1))^2/(2*x^2*(1/(sqrt(-x^2+1)+1))^2+2),0]
[2,x*asin(x)/sqrt(1-x^2),-sqrt(-x^2+1)*asin(x)+x,0]
[3,asin(-sqrt(x)+sqrt(1+x)),2*x/2*asin(-sqrt(x)+sqrt(x+1))+integrate(-2*(2*sqrt(x)*x^2-9*sqrt(x)*x*sqrt(sqrt(x)*sqrt(x+1)-x)*sqrt(x+1)-2*sqrt(x)*x*(x+1)+2*sqrt(x)*x-4*sqrt(x)*sqrt(sqrt(x)*sqrt(x+1)-x)*sqrt(x+1))/(18*sqrt(2)*x^2+26*sqrt(2)*x+8*sqrt(2))/2*(sqrt(x))^-1,x),false]
[4,ln(1+x*sqrt(1+x^2)),-sqrt(2*(sqrt(5)-1))/4*ln(abs(x-sqrt((-1+sqrt(5))/2)))+sqrt(2*(sqrt(5)-1))/4*ln(abs(x+sqrt((-1+sqrt(5))/2)))+sqrt(2*(sqrt(5)+1))/2*atan(x/sqrt(-(-1-sqrt(5))/2))-2*x-2*(-sqrt(2*(sqrt(5)-1))/8*ln(abs(sqrt(x^2+1)-x+1/(sqrt(x^2+1)-x)-sqrt((4+4*sqrt(5))/2)))+sqrt(2*(sqrt(5)-1))/8*ln(sqrt(x^2+1)-x+1/(sqrt(x^2+1)-x)+sqrt((4+4*sqrt(5))/2))-sqrt(2*(sqrt(5)+1))/4*atan((sqrt(x^2+1)-x+1/(sqrt(x^2+1)-x))/sqrt(-(4-4*sqrt(5))/2)))+x*ln(1+x*sqrt(1+x^2)),0]
[5,cos(x)^2/sqrt(1+cos(x)^2+cos(x)^4),integrate(cos(x)^2/sqrt(cos(x)^4+cos(x)^2+1),x),false]
[6,sqrt(1+tan(x)^4)*tan(x),1/2*sqrt(tan(x)^4+1)+2*(1/4*ln(sqrt(tan(x)^4+1)-tan(x)^2)+1/2/sqrt(2)*ln((-2*(sqrt(tan(x)^4+1)-tan(x)^2)+2+2*sqrt(2))/(2*(sqrt(tan(x)^4+1)-tan(x)^2)-2+2*sqrt(2)))),0]
[7,tan(x)/sqrt(1+(1/cos(x))^3),2/3*(1/2*ln(sqrt((1/cos(x))^3+1)-1)-1/2*ln(sqrt((1/cos(x))^3+1)+1)),0]
[8,sqrt(2+2*tan(x)+tan(x)^2),2*(1/8*sqrt(2*(sqrt(5)-1))*ln((16*(sqrt(tan(x)^2+2*tan(x)+2)-tan(x))*sqrt(5)-32*(sqrt(tan(x)^2+2*tan(x)+2)-tan(x))-16*sqrt(5)*sqrt(sqrt(5)-2)-16*sqrt(5)+32*sqrt(sqrt(5)-2)+32)*(16*(sqrt(tan(x)^2+2*tan(x)+2)-tan(x))*sqrt(5)-32*(sqrt(tan(x)^2+2*tan(x)+2)-tan(x))-16*sqrt(5)*sqrt(sqrt(5)-2)-16*sqrt(5)+32*sqrt(sqrt(5)-2)+32)+(16*(sqrt(tan(x)^2+2*tan(x)+2)-tan(x))*sqrt(5)-32*(sqrt(tan(x)^2+2*tan(x)+2)-tan(x))+16*sqrt(5)-16*sqrt(sqrt(5)-2)-32)*(16*(sqrt(tan(x)^2+2*tan(x)+2)-tan(x))*sqrt(5)-32*(sqrt(tan(x)^2+2*tan(x)+2)-tan(x))+16*sqrt(5)-16*sqrt(sqrt(5)-2)-32))+8/(16*sqrt(5)-16)*sqrt(2*(sqrt(5)-1))*(pi/4+atan((60368053528205721600+35013471046359318528*sqrt(5)*sqrt(sqrt(5)-2)+11671157015453106176*sqrt(5)+81698099108171743232*sqrt(sqrt(5)-2)-25354582481846403072+(-32196295215043051520-23342314030906212352*sqrt(5)*sqrt(sqrt(5)-2)-11671157015453106176*sqrt(5)-46684628061812424704*sqrt(sqrt(5)-2)-2817175831316267008)*(sqrt(tan(x)^2+2*tan(x)+2)-tan(x)))/23342314030906212352))-1/8*sqrt(2*(sqrt(5)-1))*ln((16*(sqrt(tan(x)^2+2*tan(x)+2)-tan(x))*sqrt(5)-32*(sqrt(tan(x)^2+2*tan(x)+2)-tan(x))+16*sqrt(5)*sqrt(sqrt(5)-2)-16*sqrt(5)-32*sqrt(sqrt(5)-2)+32)*(16*(sqrt(tan(x)^2+2*tan(x)+2)-tan(x))*sqrt(5)-32*(sqrt(tan(x)^2+2*tan(x)+2)-tan(x))+16*sqrt(5)*sqrt(sqrt(5)-2)-16*sqrt(5)-32*sqrt(sqrt(5)-2)+32)+(16*(sqrt(tan(x)^2+2*tan(x)+2)-tan(x))*sqrt(5)-32*(sqrt(tan(x)^2+2*tan(x)+2)-tan(x))+16*sqrt(5)+16*sqrt(sqrt(5)-2)-32)*(16*(sqrt(tan(x)^2+2*tan(x)+2)-tan(x))*sqrt(5)-32*(sqrt(tan(x)^2+2*tan(x)+2)-tan(x))+16*sqrt(5)+16*sqrt(sqrt(5)-2)-32))-8/(16*sqrt(5)-16)*sqrt(2*(sqrt(5)-1))*(pi/4+atan((-76466201135727247360-35013471046359318528*sqrt(5)*sqrt(sqrt(5)-2)+11671157015453106176*sqrt(5)-81698099108171743232*sqrt(sqrt(5)-2)+111479672182086565888+(48294442822564577280+23342314030906212352*sqrt(5)*sqrt(sqrt(5)-2)-11671157015453106176*sqrt(5)+46684628061812424704*sqrt(sqrt(5)-2)-83307913868923895808)*(sqrt(tan(x)^2+2*tan(x)+2)-tan(x)))/23342314030906212352))-1/2*ln(sqrt(tan(x)^2+2*tan(x)+2)-tan(x)-1)),0]
[9,atan(sqrt(-1+1/cos(x)))*sin(x),1/2*sqrt(-cos(x)^2+cos(x))-1/4*asin(2*cos(x)-1)-cos(x)*atan(sqrt(-cos(x)^2+cos(x))/cos(x)),0]
[10,exp(asin(x))*x^3/sqrt(1-x^2),2/5*x*exp(asin(x))-3/5*exp(asin(x))*sqrt(-x^2+1)+3/10*exp(asin(x))*sqrt(-x^2+1)*(-x^2+1)-1/10*x*exp(asin(x))*(-x^2+1),0]
[11,x*ln(1+x^2)*ln(x+sqrt(1+x^2))/sqrt(1+x^2),integrate(x*ln(1+x^2)*ln(x+sqrt(x^2+1))/sqrt(x^2+1),x),false]
[12,atan(x+sqrt(1-x^2)),-1/8*ln(x^4-x^2+1)-3/(4*sqrt(3))*atan((2*x^2-1)/sqrt(3))+1/8*ln((2*x/(-2*sqrt(-x^2+1)+2)-1/2*(-2*sqrt(-x^2+1)+2)/x)^2-2*(2*x/(-2*sqrt(-x^2+1)+2)-1/2*(-2*sqrt(-x^2+1)+2)/x)+4)-1/8*ln((2*x/(-2*sqrt(-x^2+1)+2)-1/2*(-2*sqrt(-x^2+1)+2)/x)^2+2*(2*x/(-2*sqrt(-x^2+1)+2)-1/2*(-2*sqrt(-x^2+1)+2)/x)+4)+1/2*(-atan(x*((-1/2*(-2*sqrt(-x^2+1)+2)/x)^2-1)/(-2*sqrt(-x^2+1)+2))-1/2*pi*sign(x))-3/4*(-atan(2*x*((-1/2*(-2*sqrt(-x^2+1)+2)/x)^2-1-1/2*(-2*sqrt(-x^2+1)+2)/x)/(sqrt(3)*(-2*sqrt(-x^2+1)+2)))-1/2*pi*sign(x))/sqrt(3)-3/4*(-atan(2*x*((-1/2*(-2*sqrt(-x^2+1)+2)/x)^2-1+1/2*(-2*sqrt(-x^2+1)+2)/x)/(sqrt(3)*(-2*sqrt(-x^2+1)+2)))-1/2*pi*sign(x))/sqrt(3)+x*atan(x+sqrt(-x^2+1)),0]
[13,x*atan(x+sqrt(1-x^2))/sqrt(1-x^2),1/8*ln(x^4-x^2+1)-3/(4*sqrt(3))*atan((2*x^2-1)/sqrt(3))-1/8*ln((2*x/(-2*sqrt(-x^2+1)+2)-1/2*(-2*sqrt(-x^2+1)+2)/x)^2-2*(2*x/(-2*sqrt(-x^2+1)+2)-1/2*(-2*sqrt(-x^2+1)+2)/x)+4)+1/8*ln((2*x/(-2*sqrt(-x^2+1)+2)-1/2*(-2*sqrt(-x^2+1)+2)/x)^2+2*(2*x/(-2*sqrt(-x^2+1)+2)-1/2*(-2*sqrt(-x^2+1)+2)/x)+4)+1/2*(-atan(x*((-1/2*(-2*sqrt(-x^2+1)+2)/x)^2-1)/(-2*sqrt(-x^2+1)+2))-1/2*pi*sign(x))-3/4*(-atan(2*x*((-1/2*(-2*sqrt(-x^2+1)+2)/x)^2-1-1/2*(-2*sqrt(-x^2+1)+2)/x)/(sqrt(3)*(-2*sqrt(-x^2+1)+2)))-1/2*pi*sign(x))/sqrt(3)-3/4*(-atan(2*x*((-1/2*(-2*sqrt(-x^2+1)+2)/x)^2-1+1/2*(-2*sqrt(-x^2+1)+2)/x)/(sqrt(3)*(-2*sqrt(-x^2+1)+2)))-1/2*pi*sign(x))/sqrt(3)-sqrt(-x^2+1)*atan(x+sqrt(-x^2+1)),0]
[14,asin(x)/(1+sqrt(1-x^2)),1/2*asin(x)^2-ln(4)-2*ln(sqrt(-x^2+1)+1)+ln(2*sqrt(-x^2+1)+2)-x*asin(x)/(sqrt(-x^2+1)+1),0]
[15,ln(x+sqrt(1+x^2))/sqrt(1-x^2)/(1-x^2),2/2*x*sqrt(-x^2+1)/(-x^2+1)*ln(x+sqrt(1+x^2))-2/4*asin(x^2),0]
[16,asin(x)/sqrt(1+x^2)/(1+x^2),2/2*x*sqrt(x^2+1)/(x^2+1)*asin(x)-2/4*asin(x^2),0]
[17,ln(x+sqrt(-1+x^2))/sqrt(1+x^2)/(1+x^2),2/2*x*sqrt(x^2+1)/(x^2+1)*ln(x+sqrt(-1+x^2))+2/4*ln(-sqrt(x^4-1)+x^2),0]
[18,ln(x)/x^2/sqrt(-1+x^2),-ln(abs(x))-2*(-1/((sqrt(x^2-1)-x)^2+1)-1/4*ln((sqrt(x^2-1)-x)^2))+2/((sqrt(x^2-1)-x)^2+1)*ln(x),0]
[19,sqrt(1+x^3)/x,1/3*(ln(abs(sqrt(x^3+1)-1))-ln(sqrt(x^3+1)+1)+2*sqrt(x^3+1)),0]
[20,x*ln(x+sqrt(-1+x^2))/sqrt(-1+x^2),sqrt(x^2-1)*ln(x+sqrt(x^2-1))-x,0]
[21,x^3*asin(x)/sqrt(1-x^4),-1/2*sqrt(-x^4+1)*asin(x)+2*(2/16*x*sqrt(x^2+1)-1/8*ln(sqrt(x^2+1)-x)),0]
[22,x^3*acos(1/x)/sqrt(-1+x^4),1/2*sqrt(x^4-1)*acos(1/x)-2/4*(sqrt(x^2+1)+1/2*ln(sqrt(x^2+1)-1)-1/2*ln(sqrt(x^2+1)+1)),0]
[23,x*atan(x)*ln(x+sqrt(1+x^2))/sqrt(1+x^2),integrate(x*atan(x)*ln(x+sqrt(x^2+1))/sqrt(x^2+1),x),false]
[24,x*ln(1+sqrt(1-x^2))/sqrt(1-x^2),sqrt(-x^2+1)+1-(sqrt(-x^2+1)+1)*ln(sqrt(-x^2+1)+1),0]
[25,x*ln(x+sqrt(1+x^2))/sqrt(1+x^2),sqrt(x^2+1)*ln(x+sqrt(x^2+1))-x,0]
[26,x*ln(x+sqrt(1-x^2))/sqrt(1-x^2),-sqrt(2)/4*ln(abs(x-sqrt(2)/2))+sqrt(2)/4*ln(abs(x+sqrt(2)/2))+sqrt(-x^2+1)-1/2*ln(abs(2*(-1/2*(-2*sqrt(-x^2+1)+2)/x)^2-4*sqrt(2)-6)/abs(2*(-1/2*(-2*sqrt(-x^2+1)+2)/x)^2+4*sqrt(2)-6))/sqrt(2)-sqrt(-x^2+1)*ln(x+sqrt(-x^2+1)),0]
[27,ln(x)/x^2/sqrt(1-x^2),-asin(x)-x/(-2*sqrt(-x^2+1)+2)+1/4*(-2*sqrt(-x^2+1)+2)/x+(-x/(-2*sqrt(-x^2+1)+2)+1/4*(-2*sqrt(-x^2+1)+2)/x)*ln(x),0]
[28,x*atan(x)/sqrt(1+x^2),sqrt(x^2+1)*atan(x)+ln(sqrt(x^2+1)-x),0]
[29,atan(x)/x^2/sqrt(1-x^2),1/2*ln(-sqrt(-x^2+1)+1)-1/2*ln(sqrt(-x^2+1)+1)-1/sqrt(2)*ln((-2*sqrt(-x^2+1)+2*sqrt(2))/(2*sqrt(-x^2+1)+2*sqrt(2)))+(-x/(-2*sqrt(-x^2+1)+2)+1/4*(-2*sqrt(-x^2+1)+2)/x)*atan(x),0]
[30,x*atan(x)/sqrt(1-x^2),-atan(x*((-1/2*(-2*sqrt(-x^2+1)+2)/x)^2-1)/(-2*sqrt(-x^2+1)+2))-1/2*pi*sign(x)-sqrt(2)*(-atan(x*((-1/2*(-2*sqrt(-x^2+1)+2)/x)^2-1)/(sqrt(2)*(-2*sqrt(-x^2+1)+2)))-1/2*pi*sign(x))-sqrt(-x^2+1)*atan(x),0]
[31,atan(x)/x^2/sqrt(1+x^2),atan(x)-2*(-1/2*ln(abs(sqrt(x^2+1)-x-1))+1/2*ln(abs(sqrt(x^2+1)-x+1)))+2/((sqrt(x^2+1)-x)^2-1)*atan(x),0]
[32,asin(x)/x^2/sqrt(1-x^2),(-x/(-2*sqrt(-x^2+1)+2)+1/4*(-2*sqrt(-x^2+1)+2)/x)*asin(x)+ln(abs(x)),0]
[33,x*ln(x)/sqrt(-1+x^2),-sqrt(x^2-1)+atan(sqrt(x^2-1))+sqrt(x^2-1)*ln(x),0]
[34,ln(x)/x^2/sqrt(1+x^2),ln(abs(x))-2*(-1/((sqrt(x^2+1)-x)^2-1)+1/2*ln(sqrt(x^2+1)-x))+2/((sqrt(x^2+1)-x)^2-1)*ln(x),0]
[35,x*acos(1/x)/sqrt(-1+x^2),sqrt(x^2-1)*acos(1/x)-ln(abs(x)),0]
[36,x*ln(x)/sqrt(1+x^2),-sqrt(x^2+1)-1/2*ln(sqrt(x^2+1)-1)+1/2*ln(sqrt(x^2+1)+1)+sqrt(x^2+1)*ln(x),0]
[37,sin(x)/(1+sin(x)^2),-sqrt(2)/4*ln(cos(x)+sqrt(2))+sqrt(2)/4*ln(-cos(x)+sqrt(2)),0]
[38,(1+x^2)/(1-x^2)/sqrt(1+x^4),integrate((-1+2/(-x^2+1))/sqrt(x^4+1),x),false]
[39,(1-x^2)/(1+x^2)/sqrt(1+x^4),integrate((-1-2/(-x^2-1))/sqrt(x^4+1),x),false]
[40,ln(sin(x))/(1+sin(x)),-2/(tan(x/2)+1)*ln(sin(x))+2*4*(1/4*ln(abs(tan(1/2*x/2)))-1/4*ln(tan(1/2*x/2)^2+1)-1/2/2*x/2),0]
[41,ln(sin(x))*sqrt(2)*abs(cos(x/2-pi/4)),sqrt(2)*(2*sin(x/2-pi/4)*ln(sin(x))+2*4*(1/(4*sqrt(2))*ln(abs(tan(1/2*x/2)))-1/(4*sqrt(2))*ln(abs(tan(1/2*x/2)-1))+1/(4*sqrt(2))*ln(abs(tan(1/2*x/2)+1))+(-4294967296*tan(1/2*x/2)+4294967296)/(4294967296*sqrt(2)*(tan(1/2*x/2)^2+1)))),0]
[42,1/cos(x)/sqrt(-1+(1/cos(x))^4),2/2/sqrt(2)*(1/2*ln(-tan(x/2)^2+sqrt(tan(x/2)^4+1))+1/2*ln(tan(x/2)^2-sqrt(tan(x/2)^4+1)+1)-1/2*ln(-tan(x/2)^2+sqrt(tan(x/2)^4+1)+1)),(-2*sqrt(2)*cos(x)*tan(1/2*x)^5-2*sqrt(2)*cos(x)*tan(1/2*x)+(-sqrt(-cos(x)^4+1)*tan(1/2*x)^4+sqrt(-cos(x)^4+1))*sqrt(tan(x/2)^4+1))/(2*sqrt(2)*sqrt(-cos(x)^4+1)*tan(1/2*x)^5+2*sqrt(2)*sqrt(-cos(x)^4+1)*tan(1/2*x))]
[43,tan(x)/sqrt(1+tan(x)^4),1/2/sqrt(2)*ln((-2*(sqrt(tan(x)^4+1)-tan(x)^2)+2+2*sqrt(2))/(2*(sqrt(tan(x)^4+1)-tan(x)^2)-2+2*sqrt(2))),0]
[44,sin(x)/sqrt(1-sin(x)^6),-1/6*sqrt(3)*ln((-cos(x))^2+sqrt(3)-sqrt((-cos(x))^4-3*(-cos(x))^2+3))+1/6*sqrt(3)*ln(-(-cos(x))^2+sqrt(3)+sqrt((-cos(x))^4-3*(-cos(x))^2+3)),0]
[45,sqrt(-sqrt(-1+1/cos(x))+sqrt(1+1/cos(x))),integrate(sqrt(-4*sqrt(-cos(x)^2+cos(x))*cos(x)^5+4*sqrt(cos(x)^2+cos(x))*cos(x)^5)*(2*cos(x)^3)^-1,x),false]
[46,x*atan(x)^2*ln(1+x^2),integrate(x*atan(x)^2*ln(x^2+1),x),false]
[47,atan(x*sqrt(1+x^2)),-sqrt(3)/4*ln(x^2+1-sqrt(3)*sqrt(x^2+1)+1)-1/2*atan(2*(sqrt(x^2+1)-sqrt(3)/2))+sqrt(3)/4*ln(x^2+1+sqrt(3)*sqrt(x^2+1)+1)-1/2*atan(2*(sqrt(x^2+1)+sqrt(3)/2))+x*atan(x*sqrt(x^2+1)),0]
[48,atan(-sqrt(x)+sqrt(1+x)),x*atan(-sqrt(x)+sqrt(x+1))+2*(sqrt(x)/4-1/4*atan(sqrt(x))),0]
[49,asin(x/sqrt(1-x^2)),x*asin(x/sqrt(-x^2+1))+2/2*atan(sqrt(-2*x^2+1)),0]
[50,atan(x*sqrt(1-x^2)),-sqrt(2*(sqrt(5)-1))/4*ln(abs(sqrt(-x^2+1)-sqrt((1+sqrt(5))/2)))+sqrt(2*(sqrt(5)-1))/4*ln(sqrt(-x^2+1)+sqrt((1+sqrt(5))/2))-sqrt(2*(sqrt(5)+1))/2*atan(sqrt(-x^2+1)/sqrt(-(1-sqrt(5))/2))+x*atan(x*sqrt(-x^2+1)),0]
Time:46.38, tests: 50, integration failures: 8[3,5,11,23,38,39,45,46], simplification failures: 1[42], not cheked: 0[], assumptions: 1[44]
