[1,sqrt(1+2*x),sqrt(2*x+1)*(2*x+1)/3,0]
[2,x*sqrt(1+3*x),1/3*(6*(1/5*sqrt(3*x+1)*(3*x+1)^2-2/3*sqrt(3*x+1)*(3*x+1)+sqrt(3*x+1))/9+2/3*(sqrt(3*x+1)*(3*x+1)/3-sqrt(3*x+1))),0]
[3,x^2*sqrt(1+x),2*(1/7*sqrt(x+1)*(x+1)^3-3/5*sqrt(x+1)*(x+1)^2+sqrt(x+1)*(x+1)-sqrt(x+1))+2*(1/5*sqrt(x+1)*(x+1)^2-2/3*sqrt(x+1)*(x+1)+sqrt(x+1)),0]
[4,x/sqrt(2-3*x),2/9*(sqrt(-3*x+2)*(-3*x+2)/3-2*sqrt(-3*x+2)),0]
[5,(1+x)/(2+2*x+x^2)^3,-1/16/(x+x^2/2+1)^2,0]
[6,sin(x)^3,-cos(x)+cos(x)^3/3,0]
[7,(-1+z)^(1/3)*z,-3*((z-1)^(1/3)*(z-1)/4+(z-1)^(1/3))+3*(1/7*(z-1)^(1/3)*(z-1)^2+1/2*(z-1)^(1/3)*(z-1)+(z-1)^(1/3)),0]
[8,cos(x)/sin(x)^3,-1/2/sin(x)^2,0]
[9,cos(2*x)*sqrt(4-sin(2*x)),-sqrt(-sin(2*x)+4)*(-sin(2*x)+4)/3,0]
[10,sin(x)/(3+cos(x))^2,1/(cos(x)+3),0]
[11,sin(x)/sqrt(cos(x))/cos(x),2/sqrt(cos(x)),0]
[12,sin(sqrt(1+x))/sqrt(1+x),-2*cos(sqrt(x+1)),0]
[13,x^(-1+n)*sin(x^n),-1/n*cos(x^n),0]
[14,x^5/sqrt(1-x^6),-1/3*sqrt(-x^6+1),0]
[15,t*(1+t)^(1/4),4*((t+1)^(1/4)*(t+1)/5-(t+1)^(1/4))+4*(1/9*(t+1)^(1/4)*(t+1)^2-2/5*(t+1)^(1/4)*(t+1)+(t+1)^(1/4)),0]
[16,1/sqrt(1+x^2)/(1+x^2),2/2*x*sqrt(x^2+1)/(x^2+1),0]
[17,x^2*((27+8*x^3)^(1/3))^2,1/40*((8*x^3+27)^(1/3))^2*(8*x^3+27),0]
[18,(cos(x)+sin(x))/(-cos(x)+sin(x))^(1/3),3*((-cos(x)+sin(x))^(1/3))^2/2,0]
[19,x/sqrt(1+x^2+sqrt(1+x^2)*(1+x^2)),-2+2*sqrt(sqrt(x^2+1)+1),0]
[20,x/sqrt(1+x^2)/sqrt(1+sqrt(1+x^2)),2*sqrt(sqrt(x^2+1)+1),0]
[21,(1-2*x+x^2)^(1/5)/(1-x),-5/2*(x^2-2*x+1)^(1/5),0]
[22,x*sin(x),-x*cos(x)+sin(x),0]
[23,x^2*sin(x),(-x^2+2)*cos(x)+2*x*sin(x),0]
[24,x^3*cos(x),(3*x^2-6)*cos(x)-(-x^3+6*x)*sin(x),0]
[25,x^3*sin(x),(-x^3+6*x)*cos(x)+(3*x^2-6)*sin(x),0]
[26,cos(x)*sin(x),-1/2*cos(x)^2,0]
[27,x*cos(x)*sin(x),-2*x/8*cos(2*x)+1/8*sin(2*x),0]
[28,sin(x)^2,1/2*x-1/4*sin(2*x),0]
[29,sin(x)^3,-cos(x)+cos(x)^3/3,0]
[30,sin(x)^4,3/8*x-1/4*sin(2*x)+1/32*sin(4*x),0]
[31,sin(x)^5,1/5*(-cos(x))^5-2/3*(-cos(x))^3-cos(x),0]
[32,sin(x)^6,5/16*x-15/64*sin(2*x)+3/64*sin(4*x)-1/192*sin(6*x),0]
[33,x*sin(x)^2,-1/8*cos(2*x)-2*x/8*sin(2*x)+1/2*x^2/2,0]
[34,x*sin(x)^3,-3*x/4*cos(x)+3/4*sin(x)+3*x/36*cos(3*x)-1/36*sin(3*x),0]
[35,x^2*sin(x)^2,-4*x/16*cos(2*x)-(4*x^2-2)/16*sin(2*x)+1/3*x^3/2,0]
[36,cos(x)^2,1/2*x+1/4*sin(2*x),0]
[37,cos(x)^3,sin(x)-sin(x)^3/3,0]
[38,cos(x)^4,3/8*x+1/4*sin(2*x)+1/32*sin(4*x),0]
[39,sqrt(a^2-x^2)*(a^2-x^2)^2,2*((1/12*x*x-624*a^2/2304)*x*x+792*a^4/2304)*x*sqrt(a^2-x^2)+5/16*a^6*asin(x/a)*sign(a),0]
[40,x^5/sqrt(5+x^2),1/5*sqrt(x^2+5)*(x^2+5)^2-10/3*sqrt(x^2+5)*(x^2+5)+25*sqrt(x^2+5),0]
[41,t^3/sqrt(4+t^3),2/5*t*sqrt(t^3+4)+integrate(-8/5/sqrt(t^3+4),t),false]
[42,tan(x)^2,tan(x)-x,0]
[43,tan(x)^4,1/3*tan(x)^3-tan(x)+x,0]
[44,(cos(x)/sin(x))^2,2*(tan(x/2)/4-1/(4*tan(x/2))-x/2),0]
[45,(cos(x)/sin(x))^4,2*((256/3*tan(x/2)^3-1280*tan(x/2))/4096+(15*tan(x/2)^2-1)/(48*tan(x/2)^3)+x/2),0]
[46,(2+3*x)*sin(5*x),-(15*x+10)/25*cos(5*x)+3/25*sin(5*x),0]
[47,x*sqrt(1+x^2),sqrt(x^2+1)*(x^2+1)/3,0]
[48,x*(-1+x^2)^9,1/2*(-1+x^2)^10/10,0]
[49,(3+2*x)/(7+6*x)^3,(-3*x-4)/(9*(6*x+7)^2),0]
[50,x^4*(1+x^5)^5,1/5*(1+x^5)^6/6,0]
[51,(1-x)^20*x^4,1/25*x^25-5/6*x^24+190/23*x^23-570/11*x^22+1615/7*x^21-3876/5*x^20+2040*x^19-12920/3*x^18+7410*x^17-20995/2*x^16+184756/15*x^15-83980/7*x^14+9690*x^13-6460*x^12+38760/11*x^11-7752/5*x^10+1615/3*x^9-285/2*x^8+190/7*x^7-10/3*x^6+1/5*x^5,0]
[52,sin(1/x)/x^2,cos(1/x),0]
[53,sin((-1+x)^(1/4)),4*((-((x-1)^(1/4))^3+6*(x-1)^(1/4))*cos((x-1)^(1/4))+(3*sqrt(x-1)-6)*sin((x-1)^(1/4))),0]
[54,x*cos(x^2)*sin(x^2),-1/4*cos(x^2)^2,0]
[55,sin(2*x)*sqrt(1+3*cos(x)^2),1/3*(-2*(sqrt(3*cos(x)^2+1)*(3*cos(x)^2+1)/3-sqrt(3*cos(x)^2+1))-2*sqrt(3*cos(x)^2+1)),0]
[56,1/(2+3*x),1/3*ln(abs(3*x+2)),0]
[57,ln(x)^2,x*ln(x)^2-2*x*ln(x)+2*x,0]
[58,x*ln(x),-1/4*x^2+1/2*x^2*ln(x),0]
[59,x*ln(x)^2,1/2*x^2*ln(x)^2+1/4*x^2-1/2*x^2*ln(x),0]
[60,1/(1+t),ln(abs(t+1)),0]
[61,cos(x)/sin(x),ln(abs(sin(x))),0]
[62,x^n*ln(a*x),x^(n+1)/(n+1)*ln(a*x)+integrate(-x^(n+1)/(n*x+x),x),false]
[63,x^2*ln(x)^2,1/3*x^3*ln(x)^2+2/27*x^3-2/9*x^3*ln(x),0]
[64,1/x/ln(x),ln(abs(ln(x))),0]
[65,ln(1-t)/(1-t),-1/2*ln(-t+1)^2,0]
[66,ln(x)/x/sqrt(1+ln(x)),2*(sqrt(ln(x)+1)*(ln(x)+1)/3-sqrt(ln(x)+1)),0]
[67,x^3*ln(x)^3,1/4*x^4*ln(x)^3-3/16*x^4*ln(x)^2-3/128*x^4+3/32*x^4*ln(x),0]
[68,exp(x^3)*x^2,1/3*exp(x^3),0]
[69,2^(sqrt(x))/sqrt(x),2/ln(2)*2^(sqrt(x)),0]
[70,exp(2*sin(x))*cos(x),1/2*exp(2*sin(x)),0]
[71,exp(x)*sin(x),exp(x)*(-1/2*cos(x)+1/2*sin(x)),0]
[72,exp(x)*cos(x),exp(x)*(1/2*cos(x)+1/2*sin(x)),0]
[73,1/(1+exp(x)),x-ln(exp(x)+1),0]
[74,exp(x)*x,(x-1)*exp(x),0]
[75,x/exp(x),(-x-1)*exp(-x),0]
[76,exp(x)*x^2,(x^2-2*x+2)*exp(x),0]
[77,x^2/exp(2*x),-(4*x^2+4*x+2)/8*exp(-2*x),0]
[78,exp(sqrt(x)),2*(sqrt(x)-1)*exp(sqrt(x)),0]
[79,x^3/exp(x^2),1/2*(-x^2-1)*exp(-x^2),0]
[80,exp(a*x)*cos(b*x),exp(a*x)*(a/(a^2+b^2)*cos(b*x)+b/(a^2+b^2)*sin(b*x)),0]
[81,exp(a*x)*sin(b*x),exp(a*x)*(-b/(a^2+b^2)*cos(b*x)+a/(a^2+b^2)*sin(b*x)),0]
[82,atan(1/x),-1/2*ln((1/x)^2)+1/2*ln((1/x)^2+1)+x*atan(1/x),0]
[83,acos(1/x),1/2*ln(-sqrt(-(1/x)^2+1)+1)-1/2*ln(sqrt(-(1/x)^2+1)+1)+x*acos(1/x),0]
[84,asin(1/x),-1/2*ln(-sqrt(-(1/x)^2+1)+1)+1/2*ln(sqrt(-(1/x)^2+1)+1)+x*asin(1/x),0]
[85,asin(x)^2,x*asin(x)^2+2*asin(x)*sqrt(-x^2+1)-2*x,0]
[86,asin(x)/x^2,1/2*ln(-sqrt(-x^2+1)+1)-1/2*ln(sqrt(-x^2+1)+1)-1/x*asin(x),0]
[87,1/sqrt(a^2-x^2),asin(x/a)*sign(a),0]
[88,1/sqrt(1-2*x-x^2),asin((x+1)/sqrt(2)),0]
[89,1/(a^2+x^2),2/(2*a)*atan(x/a),0]
[90,1/(a+b*x^2),2/(2*sqrt(a*b))*atan(b*x/sqrt(a*b)),0]
[91,1/(2-x+x^2),2/sqrt(7)*atan((2*x-1)/sqrt(7)),0]
[92,x*atan(x),-x/2+1/2*atan(x)+x^2/2*atan(x),0]
[93,x^2*acos(x),-1/9*x^2*sqrt(-x^2+1)-2/9*sqrt(-x^2+1)+1/3*x^3*acos(x),0]
[94,x*atan(x)^2,x^2/2*atan(x)^2-(2*x*atan(x)-atan(x)^2-ln(x^2+1))/2,0]
[95,atan(sqrt(x)),2*(-sqrt(x)/2+1/2*atan(sqrt(x))+x/2*atan(sqrt(x))),0]
[96,atan(sqrt(x))/(1+x)/sqrt(x),2*atan(sqrt(x))^2/2,0]
[97,sqrt(1-x^2),2/4*x*sqrt(-x^2+1)+1/2*asin(x),0]
[98,exp(atan(x))*x/sqrt(1+x^2)/(1+x^2),exp(atan(x))*(-1/2/sqrt(x^2+1)+1/2*x/sqrt(x^2+1)),0]
[99,exp(atan(x))/sqrt(1+x^2)/(1+x^2),exp(atan(x))*(1/2/sqrt(x^2+1)+1/2*x/sqrt(x^2+1)),0]
[100,x^2/(1+x^2)^2,-x/(2*(x^2+1))+1/2*atan(x),0]
[101,exp(x)/(1+exp(2*x)),atan(exp(x)),0]
[102,atan(1/exp(x))/exp(x),-exp(-x)*atan(exp(-x))+ln(exp(-x)^2+1)/2,0]
[103,sqrt((a+x)/(a-x)),-sqrt(a^2-x^2)+a*asin(x/a),0]
[104,sqrt((b-x)*(-a+x)),2*(1/4*x-(2*a+2*b)/16)*sqrt(-a*b+a*x+b*x-x^2)-1/2*asin((a+b-2*x)/(a-b))*(-1/4*a^2-1/4*b^2+1/2*a*b),0]
[105,1/sqrt((b-x)*(-a+x)),asin((a+b-2*x)/(a-b)),0]
[106,(3+5*x)/(-3+2*x+x^2),2*ln(abs(x-1))+3*ln(abs(x+3)),0]
[107,(5+2*x)/(-3+2*x+x^2),7/4*ln(abs(x-1))+1/4*ln(abs(x+3)),0]
[108,(3*x+x^3)/(-3-2*x+x^2),1/2*x^2+2*x+9*ln(abs(x-3))+ln(abs(x+1)),0]
[109,(-1+5*x+2*x^2)/(-2*x+x^2+x^3),1/2*ln(abs(x))+2*ln(abs(x-1))-1/2*ln(abs(x+2)),0]
[110,(3+2*x+x^2)/(-1+x)/(1+x)^2,3/2*ln(abs(x-1))-1/2*ln(abs(x+1))+2*1/2/(x+1),0]
[111,(-2+2*x+3*x^2)/(-1+x^3),ln(x^2+x+1)+4*sqrt(3)/3*atan((x+1/2)/(sqrt(3)/2))+ln(abs(x-1)),0]
[112,(2-x+2*x^2-x^3+x^4)/(-1+x)/(2+x^2)^2,1/3*ln(abs(x-1))+1/3*ln(x^2+2)-2/(3*2*sqrt(2))*atan(x/sqrt(2))+3*1/6/(x^2+2),0]
[113,1/(cos(x)+sin(x)),-2/(2*sqrt(2))*ln(abs(2*tan(x/2)-2-2*sqrt(2))/abs(2*tan(x/2)-2+2*sqrt(2))),0]
[114,x/(4-x^2+sqrt(4-x^2)),-ln(sqrt(-x^2+4)+1),0]
[115,(3+2*x)/(-2+x)/(5+x),ln(abs(x-2))+ln(abs(x+5)),0]
[116,x/(1+x)/(2+x)/(3+x),-1/2*ln(abs(x+1))+2*ln(abs(x+2))-3/2*ln(abs(x+3)),0]
[117,x/(2-3*x+x^3),-2/9*ln(abs(x+2))+2/9*ln(abs(x-1))-3*1/9/(x-1),0]
[118,(-6+2*x+x^4)/(-2*x+x^2+x^3),1/2*x^2-x+3*ln(abs(x))-ln(abs(x-1))+ln(abs(x+2)),0]
[119,(7+8*x^3)/(1+x)/(1+2*x)^3,6*x/(2*x+1)^2+ln(abs(x+1)),0]
[120,(1+x+4*x^2)/(-1+x^3),2*ln(abs(x-1))+ln(x^2+x+1),0]
[121,x^4/(4+5*x^2+x^4),x+1/3*atan(x)-8/3*atan(x/2),0]
[122,(2+x)/(x+x^2),2*ln(abs(x))-ln(abs(x+1)),0]
[123,1/x/(1+x^2)^2,1/2*ln(x^2)-1/2*ln(x^2+1)+(x^2+2)/(2*(x^2+1)),0]
[124,1/(1+x)/(2+x)^2/(3+x)^3,1/8*ln(abs(x+1))+2*ln(abs(x+2))-17/8*ln(abs(x+3))+(36*x^2+200*x+272)*1/16/(x+2)/(x+3)^2,0]
[125,x/(1+x)^2,1/(x+1)+ln(abs(x+1)),0]
[126,1/(-x+x^3),-1/2*ln(x^2)+1/2*ln(abs(x^2-1)),0]
[127,x^2/(-6+x+x^2),x+4/5*ln(abs(x-2))-9/5*ln(abs(x+3)),0]
[128,(2+x)/(4-4*x+x^2),-4/(x-2)+ln(abs(x-2)),0]
[129,1/(4-4*x+x^2)/(5-4*x+x^2),-1/(x-2)-atan(x-2),0]
[130,(-3+x)/(2*x+3*x^2+x^3),-3/2*ln(abs(x))+4*ln(abs(x+1))-5/2*ln(abs(x+2)),0]
[131,1/(-1+x^2)^2,-1/4*ln(abs(x-1))+1/4*ln(abs(x+1))-x/(2*(x^2-1)),0]
[132,(1+x)/(-1+x^3),2/3*ln(abs(x-1))-1/3*ln(x^2+x+1),0]
[133,(1+x^4)/x/(1+x^2)^2,1/(x^2+1)+1/2*ln(x^2),0]
[134,1/(-2*x^3+x^4),1/8*ln(abs(x-2))-1/8*ln(abs(x))+(4*x+4)*1/16/x^2,0]
[135,(1-x^3)/x/(1+x^2),ln(abs(x))-1/2*ln(x^2+1)+atan(x)-x,0]
[136,1/(-1+x^4),1/4*ln(abs(x-1))-1/4*ln(abs(x+1))-1/2*atan(x),0]
[137,1/(1+x^4),-sqrt(2)/8*ln(x^2-sqrt(2)*x+1)+sqrt(2)/4*atan((x-sqrt(2)/2)/(sqrt(2)/2))+sqrt(2)/8*ln(x^2+sqrt(2)*x+1)+sqrt(2)/4*atan((x-(-sqrt(2))/2)/(sqrt(2)/2)),0]
[138,x^2/(2+2*x+x^2)^2,1/(x^2+2*x+2)+atan(x+1),0]
[139,(-1+4*x^5)/(1+x+x^5)^2,-x/(x^5+x+1),0]
[140,1/(5-cos(x)+2*sin(x)),2/(2*sqrt(5))*(atan((-sqrt(5)*sin(x)+cos(x)+3*sin(x)+1)/(sqrt(5)*cos(x)+sqrt(5)-3*cos(x)+sin(x)+3))+x/2),0]
[141,1/(1+a*cos(x)),-2*2/(2*sqrt(-a^2+1))*(atan((a*tan(x/2)-tan(x/2))/sqrt(-a^2+1))+pi*sign(2*a-2)*floor(x/2/pi+1/2)),0]
[142,1/(1+2*cos(x)),-2/(2*sqrt(3))*ln(abs(2*tan(x/2)-2*sqrt(3))/abs(2*tan(x/2)+2*sqrt(3))),0]
[143,1/(1+1/2*cos(x)),2*4/(2*sqrt(3))*(atan((-sqrt(3)*sin(x)+sin(x))/(sqrt(3)*cos(x)+sqrt(3)-cos(x)+1))+x/2),0]
[144,sin(x)^2/(1+sin(x)^2),2*(1/2*x-1/(2*sqrt(2))*(atan((-sqrt(2)*sin(2*x)+2*sin(2*x))/(sqrt(2)*cos(2*x)+sqrt(2)-2*cos(2*x)+2))+x)),0]
[145,1/(b^2*cos(x)^2+a^2*sin(x)^2),2/(2*a*b)*(atan(a*tan(x)/b)+pi*floor(x/pi+1/2)),0]
[146,1/(b*cos(x)+a*sin(x))^2,-2/(2*a*(tan(x)*a+b)),0]
[147,sin(x)/(1+cos(x)+sin(x)),2*(-1/2*ln(abs(tan(x/2)+1))+1/4*ln(tan(x/2)^2+1)+1/2*x/2),0]
[148,sqrt(3-x^2),2/4*x*sqrt(-x^2+3)+3/2*asin(x/sqrt(3)),0]
[149,x/sqrt(3-x^2),-sqrt(-x^2+3),0]
[150,sqrt(3-x^2)/x,sqrt(-x^2+3)+3/2/sqrt(3)*ln((-2*sqrt(-x^2+3)+2*sqrt(3))/(2*sqrt(-x^2+3)+2*sqrt(3))),0]
[151,sqrt(x+x^2)/x,sqrt(x^2+x)-1/2*ln(abs(2*(sqrt(x^2+x)-x)-1)),0]
[152,sqrt(5+x^2),2/4*x*sqrt(x^2+5)-5/2*ln(sqrt(x^2+5)-x),0]
[153,x/sqrt(1+x+x^2),sqrt(x^2+x+1)+1/2*ln(2*(sqrt(x^2+x+1)-x)-1),0]
[154,1/sqrt(x+x^2),-ln(abs(2*(sqrt(x^2+x)-x)-1)),0]
[155,sqrt(2-x-x^2)/x^2,-asin(1/3*(2*x+1))-1/2*ln(abs(-4*sqrt(2)+6+2*(-2*sqrt(-x^2-x+2)+3)/(-2*x-1))/abs(4*sqrt(2)+6+2*(-2*sqrt(-x^2-x+2)+3)/(-2*x-1)))/sqrt(2)+(6+18*(-2*sqrt(-x^2-x+2)+3)/(-2*x-1))/(((-2*sqrt(-x^2-x+2)+3)/(-2*x-1))^2+1+6*(-2*sqrt(-x^2-x+2)+3)/(-2*x-1)),0]
[156,ln(t)/(1+t),integrate(ln(t)/(1+t),t),false]
[157,cos(x),sin(x),0]
[158,exp(t)/t,Ei(t),0]
[159,exp(a*t)/t,Ei(a*t),0]
[160,exp(t)/t^2,(t*Ei(t)-exp(t))/t,0]
[161,exp(1/t),-(1/t*Ei(1/t)-exp(1/t))*t,0]
[162,1/exp(t)/(-1-a+t),Ei(a-t+1)*exp(-a-1),0]
[163,exp(t^2)*t/(1+t^2),Ei(t^2+1)*1/2/exp(1),0]
[164,exp(t)/(1+t)^2,(t*Ei(t+1)+Ei(t+1)-exp(1)*exp(t))/(t*exp(1)+exp(1)),0]
[165,exp(t)*ln(1+t),exp(t)*ln(1+t)-Ei(t+1)/exp(1),0]
[166,t/exp(t),(-t-1)*exp(-t),0]
[167,t^2/exp(t),(-t^2-2*t-2)*exp(-t),0]
[168,t^3/exp(t),(-t^3-3*t^2-6*t-6)*exp(-t),0]
[169,(b1*cos(x)+a1*sin(x))/(b*cos(x)+a*sin(x)),2*((-a1*a*b+b1*a^2)/(2*a^3+2*a*b^2)*ln(abs(tan(x)*a+b))+(a1*b-b1*a)/(4*a^2+4*b^2)*ln(tan(x)^2+1)+(a1*a+b1*b)/(2*(a^2+b^2))*x),0]
[170,1/ln(t),Ei(ln(t)),0]
[171,1/ln(t)^2,-t/ln(t)+Ei(ln(t)),0]
[172,ln(t)^(-1-n),integrate(ln(t)^(-n-1)*t/t,t),false]
[173,exp(2*t)/(-1+t),Ei(2*t-2)*exp(2),0]
[174,exp(2*x)/(2-3*x+x^2),-Ei(2*x-2)*exp(2)+Ei(2*x-4)*exp(4),0]
[175,1/sqrt(1+t^3),integrate(1/sqrt(t^3+1),t),false]
Time:2.7, tests: 175, integration failures: 5[41,62,156,172,175], simplification failures: 0[], not cheked: 0[], assumptions: 2[103,104]
