[1,(cos(x)/sin(x))^4,2*((256/3*tan(x/2)^3-1280*tan(x/2))/4096+(15*tan(x/2)^2-1)/(48*tan(x/2)^3)+x/2),0]
[2,1/x^4/(1+x^2),(3*x^2-1)/(3*x^3)+atan(x),0]
[3,(x+x^2)/sqrt(x),2*sqrt(x)*x^2/5+2*sqrt(x)*x/3,0]
[4,cos(x),sin(x),0]
[5,exp(x^2)*x,1/2*exp(x^2),0]
[6,(1/cos(x))^2*tan(x),1/2/cos(x)^2,0]
[7,x*sqrt(1+x^2),sqrt(x^2+1)*(x^2+1)/3,0]
[8,exp(x)*sin(x),exp(x)*(-1/2*cos(x)+1/2*sin(x)),0]
[9,cos(x)*(1/sin(x))^2/sin(x)^2,-1/3/sin(x)^3,0]
[10,sin(exp(x)),Si(exp(x)),0]
[11,sin(y)/y,Si(y),0]
[12,exp(x)+sin(x),exp(x)-cos(x),0]
[13,exp(x^2)+2*exp(x^2)*x^2,sqrt(pi)/(-i)/2*erf((-i)*x)+2*(x/2*exp(x^2)-1/2*sqrt(pi)/(-i)/2*erf((-i)*x)),0]
[14,(exp(x)+x)^2,1/2*exp(2*x)+(2*x-2)*exp(x)+1/3*x^3,0]
[15,2*exp(x)+exp(2*x)+x^2,2*exp(x)+exp(2*x)/2+x^3/3,0]
[16,cos(x)*sin(x),-1/2*cos(x)^2,0]
[17,exp(x^2)*x,1/2*exp(x^2),0]
[18,x*sqrt(1+x^2),sqrt(x^2+1)*(x^2+1)/3,0]
[19,exp(x)/(1+exp(x)),ln(exp(x)+1),0]
[20,sqrt(x)*x,2*sqrt(x)*x^2/5,0]
[21,cos(3+2*x),sin(3+2*x)/2,0]
[22,2*exp(2*x)*y*z,2*y*z*exp(2*x)/2,0]
[23,exp(x)*cos(exp(x))^2*sin(exp(x)),-cos(exp(x))^3/3,0]
[24,x*sqrt(1+x),2*(1/5*sqrt(x+1)*(x+1)^2-2/3*sqrt(x+1)*(x+1)+sqrt(x+1))+2*(sqrt(x+1)*(x+1)/3-sqrt(x+1)),0]
[25,1/(-1+x^4),1/4*ln(abs(x-1))-1/4*ln(abs(x+1))-1/2*atan(x),0]
[26,exp(x)/(2+3*exp(2*x)),sqrt(6)/6*atan(exp(x)/sqrt(6)*3),0]
[27,exp(2*x)/(A+B*exp(4*x)),1/2/sqrt(A*B)*atan(B*exp(x)^2/sqrt(A*B)),0]
[28,exp(1+x)/(1+exp(x)),exp(1)*ln(exp(x)+1),0]
[29,(10*E)^x,1/(ln(10)+ln(E))*(10*E)^x,0]
[30,x^3*sin(x^2),1/2*(-x^2*cos(x^2)+sin(x^2)),0]
[31,x^7/(1+x^12),1/4*(1/6*ln(x^8-x^4+1)+sqrt(3)/3*atan((x^4-1/2)/sqrt(3)*2)-1/3*ln(x^4+1)),0]
[32,(x^a)^3*sin((x^a)^2),integrate((x^a)^3*sin((x^a)^2),x),false]
[33,cos(sqrt(x)),2*(cos(sqrt(x))+sqrt(x)*sin(sqrt(x))),0]
[34,x*sqrt(1+x),2*(1/5*sqrt(x+1)*(x+1)^2-2/3*sqrt(x+1)*(x+1)+sqrt(x+1))+2*(sqrt(x+1)*(x+1)/3-sqrt(x+1)),0]
[35,1/(x^(1/3)+sqrt(x)),6*(1/3*x^(1/6)*x^(1/3)-1/2*x^(1/3)+x^(1/6)-ln(x^(1/6)+1)),0]
[36,sqrt((1+x)/(3+2*x)),1/2*sign(2*x+3)*sqrt(2*x^2+5*x+3)+1/4*ln(abs(2*sqrt(2)*(-sqrt(2)*x+sqrt(2*x^2+5*x+3))-5))*sign(2*x+3)/sqrt(2),(2*x*sqrt(2*x^2+5*x+3)*sign(2*x+3)-sqrt(2*x^2+5*x+3)*abs(2*x+3)+3*sqrt(2*x^2+5*x+3)*sign(2*x+3))/(4*x^2+12*x+9)]
[37,x^4/sqrt(1-x^2)/(1-x^2)^2,2*(2/3*x*x-1/2)*x*sqrt(-x^2+1)/(-x^2+1)^2+asin(x),0]
[38,sqrt(x)*sqrt(1+x)*(1+x)^2,2*(2*(((1/16*sqrt(x)*sqrt(x)+1/96)*sqrt(x)*sqrt(x)-5/384)*sqrt(x)*sqrt(x)+5/256)*sqrt(x)*sqrt(x+1)+5/128*ln(sqrt(x+1)-sqrt(x)))+4*(2*((1/12*sqrt(x)*sqrt(x)+1/48)*sqrt(x)*sqrt(x)-1/32)*sqrt(x)*sqrt(x+1)-1/16*ln(sqrt(x+1)-sqrt(x)))+2*(2*(1/8*sqrt(x)*sqrt(x)+1/16)*sqrt(x)*sqrt(x+1)+1/8*ln(sqrt(x+1)-sqrt(x))),0]
[39,x^4/sqrt(1-x^2)/(1-x^2)^2,2*(2/3*x*x-1/2)*x*sqrt(-x^2+1)/(-x^2+1)^2+asin(x),0]
[40,sqrt(A^2+B^2-B^2*y^2)/(1-y^2),-B^2*(-atan(B^2*y*((-1/2*(-2*B*sqrt(A^2+B^2)-2*abs(B)*sqrt(-B^2*y^2+A^2+B^2))/(B^2*y))^2-1)/(-2*B*sqrt(A^2+B^2)-2*abs(B)*sqrt(-B^2*y^2+A^2+B^2)))-1/2*pi*sign(y)*sign(-2*B*sqrt(A^2+B^2)-2*abs(B)*sqrt(-B^2*y^2+A^2+B^2)))/abs(B)-1/2*A*B^2*ln(abs(B*(-1/2*(-2*B*sqrt(A^2+B^2)-2*abs(B)*sqrt(-B^2*y^2+A^2+B^2))/(B^2*y)+2*B^2*y/(-2*B*sqrt(A^2+B^2)-2*abs(B)*sqrt(-B^2*y^2+A^2+B^2)))-2*A))/(B*abs(B))+1/2*A*B^2*ln(abs(B*(-1/2*(-2*B*sqrt(A^2+B^2)-2*abs(B)*sqrt(-B^2*y^2+A^2+B^2))/(B^2*y)+2*B^2*y/(-2*B*sqrt(A^2+B^2)-2*abs(B)*sqrt(-B^2*y^2+A^2+B^2)))+2*A))/(B*abs(B)),(-2*A^2*B^12*y^8*abs(B)+2*A^2*B^12*y^6*abs(B)-2*A^2*B^11*y^6*sqrt(A^2+B^2)*sqrt(A^2-B^2*y^2+B^2)+2*A^2*B^11*y^4*sqrt(A^2+B^2)*sqrt(A^2-B^2*y^2+B^2)+4*A^2*B^10*y^6*(A^2+B^2)*abs(B)-2*A^2*B^10*y^6*(A^2-B^2*y^2+B^2)*abs(B)-4*A^2*B^10*y^4*(A^2+B^2)*abs(B)+2*A^2*B^10*y^4*(A^2-B^2*y^2+B^2)*abs(B)+8*A^2*B^9*y^6*sqrt(A^2+B^2)*sqrt(A^2-B^2*y^2+B^2)*B^2+4*A^2*B^9*y^4*sqrt(A^2+B^2)*(A^2+B^2)*sqrt(A^2-B^2*y^2+B^2)-8*A^2*B^9*y^4*sqrt(A^2+B^2)*sqrt(A^2-B^2*y^2+B^2)*B^2-4*A^2*B^9*y^2*sqrt(A^2+B^2)*(A^2+B^2)*sqrt(A^2-B^2*y^2+B^2)+4*A^2*B^8*y^6*(A^2-B^2*y^2+B^2)*abs(B)*B^2-2*A^2*B^8*y^4*(A^2+B^2)^2*abs(B)+16*A^2*B^8*y^4*(A^2+B^2)*(A^2-B^2*y^2+B^2)*abs(B)-4*A^2*B^8*y^4*(A^2-B^2*y^2+B^2)*abs(B)*B^2+2*A^2*B^8*y^2*(A^2+B^2)^2*abs(B)-12*A^2*B^8*y^2*(A^2+B^2)*(A^2-B^2*y^2+B^2)*abs(B)-8*A^2*B^7*y^4*sqrt(A^2+B^2)*(A^2+B^2)*sqrt(A^2-B^2*y^2+B^2)*B^2+20*A^2*B^7*y^4*sqrt(A^2+B^2)*sqrt(A^2-B^2*y^2+B^2)*(A^2-B^2*y^2+B^2)*B^2-2*A^2*B^7*y^2*sqrt(A^2+B^2)*(A^2+B^2)^2*sqrt(A^2-B^2*y^2+B^2)+8*A^2*B^7*y^2*sqrt(A^2+B^2)*(A^2+B^2)*sqrt(A^2-B^2*y^2+B^2)*B^2-12*A^2*B^7*y^2*sqrt(A^2+B^2)*sqrt(A^2-B^2*y^2+B^2)*(A^2-B^2*y^2+B^2)*B^2+2*A^2*B^7*sqrt(A^2+B^2)*(A^2+B^2)^2*sqrt(A^2-B^2*y^2+B^2)-12*A^2*B^6*y^4*(A^2+B^2)*(A^2-B^2*y^2+B^2)*abs(B)*B^2+8*A^2*B^6*y^4*(A^2-B^2*y^2+B^2)^2*abs(B)*B^2-6*A^2*B^6*y^2*(A^2+B^2)^2*(A^2-B^2*y^2+B^2)*abs(B)+12*A^2*B^6*y^2*(A^2+B^2)*(A^2-B^2*y^2+B^2)*abs(B)*B^2-4*A^2*B^6*y^2*(A^2-B^2*y^2+B^2)^2*abs(B)*B^2+10*A^2*B^6*(A^2+B^2)^2*(A^2-B^2*y^2+B^2)*abs(B)-8*A^2*B^5*y^4*sqrt(A^2+B^2)*sqrt(A^2-B^2*y^2+B^2)*(A^2-B^2*y^2+B^2)*B^4-4*A^2*B^5*y^2*sqrt(A^2+B^2)*(A^2+B^2)*sqrt(A^2-B^2*y^2+B^2)*(A^2-B^2*y^2+B^2)*B^2+8*A^2*B^5*y^2*sqrt(A^2+B^2)*sqrt(A^2-B^2*y^2+B^2)*(A^2-B^2*y^2+B^2)*B^4+20*A^2*B^5*sqrt(A^2+B^2)*(A^2+B^2)*sqrt(A^2-B^2*y^2+B^2)*(A^2-B^2*y^2+B^2)*B^2-2*A^2*B^4*y^4*(A^2-B^2*y^2+B^2)^2*abs(B)*B^4+4*A^2*B^4*y^2*(A^2+B^2)*(A^2-B^2*y^2+B^2)^2*abs(B)*B^2+2*A^2*B^4*y^2*(A^2-B^2*y^2+B^2)^2*abs(B)*B^4+20*A^2*B^4*(A^2+B^2)*(A^2-B^2*y^2+B^2)^2*abs(B)*B^2+6*A^2*B^3*y^2*sqrt(A^2+B^2)*sqrt(A^2-B^2*y^2+B^2)*(A^2-B^2*y^2+B^2)^2*B^4+10*A^2*B^3*sqrt(A^2+B^2)*sqrt(A^2-B^2*y^2+B^2)*(A^2-B^2*y^2+B^2)^2*B^4+2*A^2*B^2*y^2*(A^2-B^2*y^2+B^2)^3*abs(B)*B^4+2*A^2*B^2*(A^2-B^2*y^2+B^2)^3*abs(B)*B^4-2*B^14*y^8*abs(B)+2*B^14*y^6*abs(B)-2*B^13*y^6*sqrt(A^2+B^2)*sqrt(A^2-B^2*y^2+B^2)+2*B^13*y^4*sqrt(A^2+B^2)*sqrt(A^2-B^2*y^2+B^2)+4*B^12*y^6*(A^2+B^2)*abs(B)-3*B^12*y^6*(A^2-B^2*y^2+B^2)*abs(B)-4*B^12*y^4*(A^2+B^2)*abs(B)+2*B^12*y^4*(A^2-B^2*y^2+B^2)*abs(B)+8*B^11*y^6*sqrt(A^2+B^2)*sqrt(A^2-B^2*y^2+B^2)*B^2+4*B^11*y^4*sqrt(A^2+B^2)*(A^2+B^2)*sqrt(A^2-B^2*y^2+B^2)-8*B^11*y^4*sqrt(A^2+B^2)*sqrt(A^2-B^2*y^2+B^2)*B^2-4*B^11*y^2*sqrt(A^2+B^2)*(A^2+B^2)*sqrt(A^2-B^2*y^2+B^2)+4*B^10*y^6*(A^2-B^2*y^2+B^2)*abs(B)*B^2-2*B^10*y^4*(A^2+B^2)^2*abs(B)+13*B^10*y^4*(A^2+B^2)*(A^2-B^2*y^2+B^2)*abs(B)-4*B^10*y^4*(A^2-B^2*y^2+B^2)*abs(B)*B^2+2*B^10*y^2*(A^2+B^2)^2*abs(B)-12*B^10*y^2*(A^2+B^2)*(A^2-B^2*y^2+B^2)*abs(B)-8*B^9*y^4*sqrt(A^2+B^2)*(A^2+B^2)*sqrt(A^2-B^2*y^2+B^2)*B^2+14*B^9*y^4*sqrt(A^2+B^2)*sqrt(A^2-B^2*y^2+B^2)*(A^2-B^2*y^2+B^2)*B^2-2*B^9*y^2*sqrt(A^2+B^2)*(A^2+B^2)^2*sqrt(A^2-B^2*y^2+B^2)+8*B^9*y^2*sqrt(A^2+B^2)*(A^2+B^2)*sqrt(A^2-B^2*y^2+B^2)*B^2-12*B^9*y^2*sqrt(A^2+B^2)*sqrt(A^2-B^2*y^2+B^2)*(A^2-B^2*y^2+B^2)*B^2+2*B^9*sqrt(A^2+B^2)*(A^2+B^2)^2*sqrt(A^2-B^2*y^2+B^2)-12*B^8*y^4*(A^2+B^2)*(A^2-B^2*y^2+B^2)*abs(B)*B^2+5*B^8*y^4*(A^2-B^2*y^2+B^2)^2*abs(B)*B^2-9*B^8*y^2*(A^2+B^2)^2*(A^2-B^2*y^2+B^2)*abs(B)+12*B^8*y^2*(A^2+B^2)*(A^2-B^2*y^2+B^2)*abs(B)*B^2-4*B^8*y^2*(A^2-B^2*y^2+B^2)^2*abs(B)*B^2+10*B^8*(A^2+B^2)^2*(A^2-B^2*y^2+B^2)*abs(B)-8*B^7*y^4*sqrt(A^2+B^2)*sqrt(A^2-B^2*y^2+B^2)*(A^2-B^2*y^2+B^2)*B^4-16*B^7*y^2*sqrt(A^2+B^2)*(A^2+B^2)*sqrt(A^2-B^2*y^2+B^2)*(A^2-B^2*y^2+B^2)*B^2+8*B^7*y^2*sqrt(A^2+B^2)*sqrt(A^2-B^2*y^2+B^2)*(A^2-B^2*y^2+B^2)*B^4+20*B^7*sqrt(A^2+B^2)*(A^2+B^2)*sqrt(A^2-B^2*y^2+B^2)*(A^2-B^2*y^2+B^2)*B^2-2*B^6*y^4*(A^2-B^2*y^2+B^2)^2*abs(B)*B^4-14*B^6*y^2*(A^2+B^2)*(A^2-B^2*y^2+B^2)^2*abs(B)*B^2+2*B^6*y^2*(A^2-B^2*y^2+B^2)^2*abs(B)*B^4-B^6*(A^2+B^2)^3*(A^2-B^2*y^2+B^2)*abs(B)+20*B^6*(A^2+B^2)*(A^2-B^2*y^2+B^2)^2*abs(B)*B^2-6*B^5*y^2*sqrt(A^2+B^2)*sqrt(A^2-B^2*y^2+B^2)*(A^2-B^2*y^2+B^2)^2*B^4-6*B^5*sqrt(A^2+B^2)*(A^2+B^2)^2*sqrt(A^2-B^2*y^2+B^2)*(A^2-B^2*y^2+B^2)*B^2+10*B^5*sqrt(A^2+B^2)*sqrt(A^2-B^2*y^2+B^2)*(A^2-B^2*y^2+B^2)^2*B^4-B^4*y^2*(A^2-B^2*y^2+B^2)^3*abs(B)*B^4-15*B^4*(A^2+B^2)^2*(A^2-B^2*y^2+B^2)^2*abs(B)*B^2+2*B^4*(A^2-B^2*y^2+B^2)^3*abs(B)*B^4-20*B^3*sqrt(A^2+B^2)*(A^2+B^2)*sqrt(A^2-B^2*y^2+B^2)*(A^2-B^2*y^2+B^2)^2*B^4-15*B^2*(A^2+B^2)*(A^2-B^2*y^2+B^2)^3*abs(B)*B^4-6*B*sqrt(A^2+B^2)*sqrt(A^2-B^2*y^2+B^2)*(A^2-B^2*y^2+B^2)^3*B^6-(A^2-B^2*y^2+B^2)^4*abs(B)*B^6)/(4*A^2*B^8*y^6*(A^2+B^2)*sqrt(A^2-B^2*y^2+B^2)*abs(B)-4*A^2*B^8*y^4*(A^2+B^2)*sqrt(A^2-B^2*y^2+B^2)*abs(B)+8*A^2*B^7*y^6*sqrt(A^2+B^2)*(A^2-B^2*y^2+B^2)*B^2-8*A^2*B^7*y^4*sqrt(A^2+B^2)*(A^2-B^2*y^2+B^2)*B^2+4*A^2*B^6*y^6*sqrt(A^2-B^2*y^2+B^2)*(A^2-B^2*y^2+B^2)*abs(B)*B^2+4*A^2*B^6*y^4*(A^2+B^2)^2*sqrt(A^2-B^2*y^2+B^2)*abs(B)-4*A^2*B^6*y^4*sqrt(A^2-B^2*y^2+B^2)*(A^2-B^2*y^2+B^2)*abs(B)*B^2-4*A^2*B^6*y^2*(A^2+B^2)^2*sqrt(A^2-B^2*y^2+B^2)*abs(B)+16*A^2*B^5*y^4*sqrt(A^2+B^2)*(A^2+B^2)*(A^2-B^2*y^2+B^2)*B^2-16*A^2*B^5*y^2*sqrt(A^2+B^2)*(A^2+B^2)*(A^2-B^2*y^2+B^2)*B^2+24*A^2*B^4*y^4*(A^2+B^2)*sqrt(A^2-B^2*y^2+B^2)*(A^2-B^2*y^2+B^2)*abs(B)*B^2-24*A^2*B^4*y^2*(A^2+B^2)*sqrt(A^2-B^2*y^2+B^2)*(A^2-B^2*y^2+B^2)*abs(B)*B^2+16*A^2*B^3*y^4*sqrt(A^2+B^2)*(A^2-B^2*y^2+B^2)^2*B^4-16*A^2*B^3*y^2*sqrt(A^2+B^2)*(A^2-B^2*y^2+B^2)^2*B^4+4*A^2*B^2*y^4*sqrt(A^2-B^2*y^2+B^2)*(A^2-B^2*y^2+B^2)^2*abs(B)*B^4-4*A^2*B^2*y^2*sqrt(A^2-B^2*y^2+B^2)*(A^2-B^2*y^2+B^2)^2*abs(B)*B^4-B^12*y^8*sqrt(A^2-B^2*y^2+B^2)*abs(B)+B^12*y^6*sqrt(A^2-B^2*y^2+B^2)*abs(B)+B^10*y^6*(A^2+B^2)*sqrt(A^2-B^2*y^2+B^2)*abs(B)-B^10*y^4*(A^2+B^2)*sqrt(A^2-B^2*y^2+B^2)*abs(B)+2*B^9*y^6*sqrt(A^2+B^2)*(A^2-B^2*y^2+B^2)*B^2-2*B^9*y^4*sqrt(A^2+B^2)*(A^2-B^2*y^2+B^2)*B^2+B^8*y^6*sqrt(A^2-B^2*y^2+B^2)*(A^2-B^2*y^2+B^2)*abs(B)*B^2+B^8*y^4*(A^2+B^2)^2*sqrt(A^2-B^2*y^2+B^2)*abs(B)-B^8*y^4*sqrt(A^2-B^2*y^2+B^2)*(A^2-B^2*y^2+B^2)*abs(B)*B^2-B^8*y^2*(A^2+B^2)^2*sqrt(A^2-B^2*y^2+B^2)*abs(B)+4*B^7*y^4*sqrt(A^2+B^2)*(A^2+B^2)*(A^2-B^2*y^2+B^2)*B^2-4*B^7*y^2*sqrt(A^2+B^2)*(A^2+B^2)*(A^2-B^2*y^2+B^2)*B^2+6*B^6*y^4*(A^2+B^2)*sqrt(A^2-B^2*y^2+B^2)*(A^2-B^2*y^2+B^2)*abs(B)*B^2-B^6*y^2*(A^2+B^2)^3*sqrt(A^2-B^2*y^2+B^2)*abs(B)-6*B^6*y^2*(A^2+B^2)*sqrt(A^2-B^2*y^2+B^2)*(A^2-B^2*y^2+B^2)*abs(B)*B^2+B^6*(A^2+B^2)^3*sqrt(A^2-B^2*y^2+B^2)*abs(B)+4*B^5*y^4*sqrt(A^2+B^2)*(A^2-B^2*y^2+B^2)^2*B^4-6*B^5*y^2*sqrt(A^2+B^2)*(A^2+B^2)^2*(A^2-B^2*y^2+B^2)*B^2-4*B^5*y^2*sqrt(A^2+B^2)*(A^2-B^2*y^2+B^2)^2*B^4+6*B^5*sqrt(A^2+B^2)*(A^2+B^2)^2*(A^2-B^2*y^2+B^2)*B^2+B^4*y^4*sqrt(A^2-B^2*y^2+B^2)*(A^2-B^2*y^2+B^2)^2*abs(B)*B^4-15*B^4*y^2*(A^2+B^2)^2*sqrt(A^2-B^2*y^2+B^2)*(A^2-B^2*y^2+B^2)*abs(B)*B^2-B^4*y^2*sqrt(A^2-B^2*y^2+B^2)*(A^2-B^2*y^2+B^2)^2*abs(B)*B^4+15*B^4*(A^2+B^2)^2*sqrt(A^2-B^2*y^2+B^2)*(A^2-B^2*y^2+B^2)*abs(B)*B^2-20*B^3*y^2*sqrt(A^2+B^2)*(A^2+B^2)*(A^2-B^2*y^2+B^2)^2*B^4+20*B^3*sqrt(A^2+B^2)*(A^2+B^2)*(A^2-B^2*y^2+B^2)^2*B^4-15*B^2*y^2*(A^2+B^2)*sqrt(A^2-B^2*y^2+B^2)*(A^2-B^2*y^2+B^2)^2*abs(B)*B^4+15*B^2*(A^2+B^2)*sqrt(A^2-B^2*y^2+B^2)*(A^2-B^2*y^2+B^2)^2*abs(B)*B^4-6*B*y^2*sqrt(A^2+B^2)*(A^2-B^2*y^2+B^2)^3*B^6+6*B*sqrt(A^2+B^2)*(A^2-B^2*y^2+B^2)^3*B^6-y^2*sqrt(A^2-B^2*y^2+B^2)*(A^2-B^2*y^2+B^2)^3*abs(B)*B^6+sqrt(A^2-B^2*y^2+B^2)*(A^2-B^2*y^2+B^2)^3*abs(B)*B^6)]
[41,sin(x)^2,1/2*x-1/4*sin(2*x),0]
[42,sqrt(A^2+B^2*sin(x)^2)/sin(x),2*(A/4*ln(abs(sqrt(A^2*tan(x/2)^4+2*A^2*tan(x/2)^2+A^2+4*B^2*tan(x/2)^2)-abs(A)*tan(x/2)^2-A))-A/4*ln(abs(sqrt(A^2*tan(x/2)^4+2*A^2*tan(x/2)^2+A^2+4*B^2*tan(x/2)^2)-abs(A)*tan(x/2)^2+A))-A^2/12/abs(A)*ln(-(sqrt(A^2*tan(x/2)^4+2*A^2*tan(x/2)^2+A^2+4*B^2*tan(x/2)^2)-abs(A)*tan(x/2)^2)^3*abs(A)+3*(sqrt(A^2*tan(x/2)^4+2*A^2*tan(x/2)^2+A^2+4*B^2*tan(x/2)^2)-abs(A)*tan(x/2)^2)^2*A^2+2*(sqrt(A^2*tan(x/2)^4+2*A^2*tan(x/2)^2+A^2+4*B^2*tan(x/2)^2)-abs(A)*tan(x/2)^2)^2*B^2-3*(sqrt(A^2*tan(x/2)^4+2*A^2*tan(x/2)^2+A^2+4*B^2*tan(x/2)^2)-abs(A)*tan(x/2)^2)*A^2*abs(A)-8*(sqrt(A^2*tan(x/2)^4+2*A^2*tan(x/2)^2+A^2+4*B^2*tan(x/2)^2)-abs(A)*tan(x/2)^2)*abs(A)*B^2+A^4+6*A^2*B^2+8*B^4))+integrate(2/2*2*(-24*(sqrt(A^2*x^4+2*A^2*x^2+A^2+4*B^2*x^2)-abs(A)*x^2)*A^4+24*(sqrt(A^2*x^4+2*A^2*x^2+A^2+4*B^2*x^2)-abs(A)*x^2)*A^2*A^2-16*(sqrt(A^2*x^4+2*A^2*x^2+A^2+4*B^2*x^2)-abs(A)*x^2)*A^2*B^2+96*(sqrt(A^2*x^4+2*A^2*x^2+A^2+4*B^2*x^2)-abs(A)*x^2)*A^2*B^2-112*A^2*abs(A)*B^2-192*abs(A)*B^4)/48/abs(A)/((sqrt(A^2*x^4+2*A^2*x^2+A^2+4*B^2*x^2)-abs(A)*x^2)^3*abs(A)-3*(sqrt(A^2*x^4+2*A^2*x^2+A^2+4*B^2*x^2)-abs(A)*x^2)^2*A^2-2*(sqrt(A^2*x^4+2*A^2*x^2+A^2+4*B^2*x^2)-abs(A)*x^2)^2*B^2+3*(sqrt(A^2*x^4+2*A^2*x^2+A^2+4*B^2*x^2)-abs(A)*x^2)*A^2*abs(A)+8*(sqrt(A^2*x^4+2*A^2*x^2+A^2+4*B^2*x^2)-abs(A)*x^2)*abs(A)*B^2-A^4-6*A^2*B^2-8*B^4)*2*x*(1+tan(x/2)^2),x),false]
[43,1/(1+cos(x)),2*tan(x/2)/2,0]
[44,exp(x)*x,(x-1)*exp(x),0]
[45,exp(x)*x/(1+x)^2,exp(x)/(x+1),0]
[46,exp(x^2)*(1+2*x^2),x*exp(x^2),0]
[47,exp(x^2),sqrt(pi)/(-i)/2*erf((-i)*x),0]
[48,exp(x)/x,Ei(x),0]
[49,x/(1+x^3),1/6*ln(x^2-x+1)-sqrt(3)/3*atan(-(x-1/2)/(sqrt(3)/2))-1/3*ln(abs(x+1)),0]
[50,1/(-1+x^6),1/6*ln(abs(x-1))-1/6*ln(abs(x+1))+1/12*ln(x^2-x+1)-sqrt(3)/6*atan((x-1/2)/(sqrt(3)/2))-1/12*ln(x^2+x+1)-sqrt(3)/6*atan((x+1/2)/(sqrt(3)/2)),0]
[51,1/(A^4-A^2*B^2+(-A^2+B^2)*x^2),-1/(2*A^3-2*A*B^2)*ln(abs(x-A))-1/(-2*A^3+2*A*B^2)*ln(abs(x+A)),0]
[52,x*ln(x),-1/4*x^2+1/2*x^2*ln(x),0]
[53,x^2*asin(x),1/12*x*asin(x)-1/9*sqrt(-x^2+1)*(-x^2+1)+1/3*sqrt(-x^2+1)+1/4*x*asin(x)-1/3*x*asin(x)*(-x^2+1),0]
[54,1/(1+2*x+x^2),-1/(x+1),0]
[55,ln(x)/(1+ln(x))^2,x/(ln(x)+1),0]
[56,1/x/(1+ln(x)^2),atan(ln(x)),0]
[57,1/ln(x),Ei(ln(x)),0]
[58,x*(cos(x)+sin(x)),cos(x)+x*sin(x)-x*cos(x)+sin(x),0]
[59,(exp(x)+x)/exp(x),(-x-1)*exp(-x)+x,0]
[60,(1+exp(x))^2*x,1/2*x^2+(2*x-2)*exp(x)+(2*x-1)/4*exp(2*x),0]
[61,x*cos(x),cos(x)+x*sin(x),0]
[62,cos(sqrt(x)),2*(cos(sqrt(x))+sqrt(x)*sin(sqrt(x))),0]
[63,x*cos(x),cos(x)+x*sin(x),0]
[64,x*ln(x)^2,1/2*x^2*ln(x)^2+1/4*x^2-1/2*x^2*ln(x),0]
[65,cos(x)*(1+sin(x)^3),sin(x)^4/4+sin(x),0]
[66,1/x/(1+ln(x)^2),atan(ln(x)),0]
[67,1/(1+asin(x)^2)/sqrt(1-x^2),atan(asin(x)),0]
[68,sin(x)/(cos(x)+sin(x)),2*(-1/4*ln(abs(tan(x)+1))+1/8*ln(tan(x)^2+1)+1/4*x),0]
[69,-sqrt(A^2+B^2*(1-y^2))/(1-y^2),B^2*(-atan(B^2*y*((-1/2*(-2*B*sqrt(A^2+B^2)-2*abs(B)*sqrt(-B^2*y^2+A^2+B^2))/(B^2*y))^2-1)/(-2*B*sqrt(A^2+B^2)-2*abs(B)*sqrt(-B^2*y^2+A^2+B^2)))-1/2*pi*sign(y)*sign(-2*B*sqrt(A^2+B^2)-2*abs(B)*sqrt(-B^2*y^2+A^2+B^2)))/abs(B)+1/2*A*B^2*ln(abs(B*(-1/2*(-2*B*sqrt(A^2+B^2)-2*abs(B)*sqrt(-B^2*y^2+A^2+B^2))/(B^2*y)+2*B^2*y/(-2*B*sqrt(A^2+B^2)-2*abs(B)*sqrt(-B^2*y^2+A^2+B^2)))-2*A))/(B*abs(B))-1/2*A*B^2*ln(abs(B*(-1/2*(-2*B*sqrt(A^2+B^2)-2*abs(B)*sqrt(-B^2*y^2+A^2+B^2))/(B^2*y)+2*B^2*y/(-2*B*sqrt(A^2+B^2)-2*abs(B)*sqrt(-B^2*y^2+A^2+B^2)))+2*A))/(B*abs(B)),(2*A^2*B^12*y^8*abs(B)-2*A^2*B^12*y^6*abs(B)+2*A^2*B^11*y^6*sqrt(A^2+B^2)*sqrt(A^2-B^2*y^2+B^2)-2*A^2*B^11*y^4*sqrt(A^2+B^2)*sqrt(A^2-B^2*y^2+B^2)-4*A^2*B^10*y^6*(A^2+B^2)*abs(B)+2*A^2*B^10*y^6*(A^2-B^2*y^2+B^2)*abs(B)+4*A^2*B^10*y^4*(A^2+B^2)*abs(B)-2*A^2*B^10*y^4*(A^2-B^2*y^2+B^2)*abs(B)-8*A^2*B^9*y^6*sqrt(A^2+B^2)*sqrt(A^2-B^2*y^2+B^2)*B^2-4*A^2*B^9*y^4*sqrt(A^2+B^2)*(A^2+B^2)*sqrt(A^2-B^2*y^2+B^2)+8*A^2*B^9*y^4*sqrt(A^2+B^2)*sqrt(A^2-B^2*y^2+B^2)*B^2+4*A^2*B^9*y^2*sqrt(A^2+B^2)*(A^2+B^2)*sqrt(A^2-B^2*y^2+B^2)-4*A^2*B^8*y^6*(A^2-B^2*y^2+B^2)*abs(B)*B^2+2*A^2*B^8*y^4*(A^2+B^2)^2*abs(B)-16*A^2*B^8*y^4*(A^2+B^2)*(A^2-B^2*y^2+B^2)*abs(B)+4*A^2*B^8*y^4*(A^2-B^2*y^2+B^2)*abs(B)*B^2-2*A^2*B^8*y^2*(A^2+B^2)^2*abs(B)+12*A^2*B^8*y^2*(A^2+B^2)*(A^2-B^2*y^2+B^2)*abs(B)+8*A^2*B^7*y^4*sqrt(A^2+B^2)*(A^2+B^2)*sqrt(A^2-B^2*y^2+B^2)*B^2-20*A^2*B^7*y^4*sqrt(A^2+B^2)*sqrt(A^2-B^2*y^2+B^2)*(A^2-B^2*y^2+B^2)*B^2+2*A^2*B^7*y^2*sqrt(A^2+B^2)*(A^2+B^2)^2*sqrt(A^2-B^2*y^2+B^2)-8*A^2*B^7*y^2*sqrt(A^2+B^2)*(A^2+B^2)*sqrt(A^2-B^2*y^2+B^2)*B^2+12*A^2*B^7*y^2*sqrt(A^2+B^2)*sqrt(A^2-B^2*y^2+B^2)*(A^2-B^2*y^2+B^2)*B^2-2*A^2*B^7*sqrt(A^2+B^2)*(A^2+B^2)^2*sqrt(A^2-B^2*y^2+B^2)+12*A^2*B^6*y^4*(A^2+B^2)*(A^2-B^2*y^2+B^2)*abs(B)*B^2-8*A^2*B^6*y^4*(A^2-B^2*y^2+B^2)^2*abs(B)*B^2+6*A^2*B^6*y^2*(A^2+B^2)^2*(A^2-B^2*y^2+B^2)*abs(B)-12*A^2*B^6*y^2*(A^2+B^2)*(A^2-B^2*y^2+B^2)*abs(B)*B^2+4*A^2*B^6*y^2*(A^2-B^2*y^2+B^2)^2*abs(B)*B^2-10*A^2*B^6*(A^2+B^2)^2*(A^2-B^2*y^2+B^2)*abs(B)+8*A^2*B^5*y^4*sqrt(A^2+B^2)*sqrt(A^2-B^2*y^2+B^2)*(A^2-B^2*y^2+B^2)*B^4+4*A^2*B^5*y^2*sqrt(A^2+B^2)*(A^2+B^2)*sqrt(A^2-B^2*y^2+B^2)*(A^2-B^2*y^2+B^2)*B^2-8*A^2*B^5*y^2*sqrt(A^2+B^2)*sqrt(A^2-B^2*y^2+B^2)*(A^2-B^2*y^2+B^2)*B^4-20*A^2*B^5*sqrt(A^2+B^2)*(A^2+B^2)*sqrt(A^2-B^2*y^2+B^2)*(A^2-B^2*y^2+B^2)*B^2+2*A^2*B^4*y^4*(A^2-B^2*y^2+B^2)^2*abs(B)*B^4-4*A^2*B^4*y^2*(A^2+B^2)*(A^2-B^2*y^2+B^2)^2*abs(B)*B^2-2*A^2*B^4*y^2*(A^2-B^2*y^2+B^2)^2*abs(B)*B^4-20*A^2*B^4*(A^2+B^2)*(A^2-B^2*y^2+B^2)^2*abs(B)*B^2-6*A^2*B^3*y^2*sqrt(A^2+B^2)*sqrt(A^2-B^2*y^2+B^2)*(A^2-B^2*y^2+B^2)^2*B^4-10*A^2*B^3*sqrt(A^2+B^2)*sqrt(A^2-B^2*y^2+B^2)*(A^2-B^2*y^2+B^2)^2*B^4-2*A^2*B^2*y^2*(A^2-B^2*y^2+B^2)^3*abs(B)*B^4-2*A^2*B^2*(A^2-B^2*y^2+B^2)^3*abs(B)*B^4+2*B^14*y^8*abs(B)-2*B^14*y^6*abs(B)+2*B^13*y^6*sqrt(A^2+B^2)*sqrt(A^2-B^2*y^2+B^2)-2*B^13*y^4*sqrt(A^2+B^2)*sqrt(A^2-B^2*y^2+B^2)-4*B^12*y^6*(A^2+B^2)*abs(B)+3*B^12*y^6*(A^2-B^2*y^2+B^2)*abs(B)+4*B^12*y^4*(A^2+B^2)*abs(B)-2*B^12*y^4*(A^2-B^2*y^2+B^2)*abs(B)-8*B^11*y^6*sqrt(A^2+B^2)*sqrt(A^2-B^2*y^2+B^2)*B^2-4*B^11*y^4*sqrt(A^2+B^2)*(A^2+B^2)*sqrt(A^2-B^2*y^2+B^2)+8*B^11*y^4*sqrt(A^2+B^2)*sqrt(A^2-B^2*y^2+B^2)*B^2+4*B^11*y^2*sqrt(A^2+B^2)*(A^2+B^2)*sqrt(A^2-B^2*y^2+B^2)-4*B^10*y^6*(A^2-B^2*y^2+B^2)*abs(B)*B^2+2*B^10*y^4*(A^2+B^2)^2*abs(B)-13*B^10*y^4*(A^2+B^2)*(A^2-B^2*y^2+B^2)*abs(B)+4*B^10*y^4*(A^2-B^2*y^2+B^2)*abs(B)*B^2-2*B^10*y^2*(A^2+B^2)^2*abs(B)+12*B^10*y^2*(A^2+B^2)*(A^2-B^2*y^2+B^2)*abs(B)+8*B^9*y^4*sqrt(A^2+B^2)*(A^2+B^2)*sqrt(A^2-B^2*y^2+B^2)*B^2-14*B^9*y^4*sqrt(A^2+B^2)*sqrt(A^2-B^2*y^2+B^2)*(A^2-B^2*y^2+B^2)*B^2+2*B^9*y^2*sqrt(A^2+B^2)*(A^2+B^2)^2*sqrt(A^2-B^2*y^2+B^2)-8*B^9*y^2*sqrt(A^2+B^2)*(A^2+B^2)*sqrt(A^2-B^2*y^2+B^2)*B^2+12*B^9*y^2*sqrt(A^2+B^2)*sqrt(A^2-B^2*y^2+B^2)*(A^2-B^2*y^2+B^2)*B^2-2*B^9*sqrt(A^2+B^2)*(A^2+B^2)^2*sqrt(A^2-B^2*y^2+B^2)+12*B^8*y^4*(A^2+B^2)*(A^2-B^2*y^2+B^2)*abs(B)*B^2-5*B^8*y^4*(A^2-B^2*y^2+B^2)^2*abs(B)*B^2+9*B^8*y^2*(A^2+B^2)^2*(A^2-B^2*y^2+B^2)*abs(B)-12*B^8*y^2*(A^2+B^2)*(A^2-B^2*y^2+B^2)*abs(B)*B^2+4*B^8*y^2*(A^2-B^2*y^2+B^2)^2*abs(B)*B^2-10*B^8*(A^2+B^2)^2*(A^2-B^2*y^2+B^2)*abs(B)+8*B^7*y^4*sqrt(A^2+B^2)*sqrt(A^2-B^2*y^2+B^2)*(A^2-B^2*y^2+B^2)*B^4+16*B^7*y^2*sqrt(A^2+B^2)*(A^2+B^2)*sqrt(A^2-B^2*y^2+B^2)*(A^2-B^2*y^2+B^2)*B^2-8*B^7*y^2*sqrt(A^2+B^2)*sqrt(A^2-B^2*y^2+B^2)*(A^2-B^2*y^2+B^2)*B^4-20*B^7*sqrt(A^2+B^2)*(A^2+B^2)*sqrt(A^2-B^2*y^2+B^2)*(A^2-B^2*y^2+B^2)*B^2+2*B^6*y^4*(A^2-B^2*y^2+B^2)^2*abs(B)*B^4+14*B^6*y^2*(A^2+B^2)*(A^2-B^2*y^2+B^2)^2*abs(B)*B^2-2*B^6*y^2*(A^2-B^2*y^2+B^2)^2*abs(B)*B^4+B^6*(A^2+B^2)^3*(A^2-B^2*y^2+B^2)*abs(B)-20*B^6*(A^2+B^2)*(A^2-B^2*y^2+B^2)^2*abs(B)*B^2+6*B^5*y^2*sqrt(A^2+B^2)*sqrt(A^2-B^2*y^2+B^2)*(A^2-B^2*y^2+B^2)^2*B^4+6*B^5*sqrt(A^2+B^2)*(A^2+B^2)^2*sqrt(A^2-B^2*y^2+B^2)*(A^2-B^2*y^2+B^2)*B^2-10*B^5*sqrt(A^2+B^2)*sqrt(A^2-B^2*y^2+B^2)*(A^2-B^2*y^2+B^2)^2*B^4+B^4*y^2*(A^2-B^2*y^2+B^2)^3*abs(B)*B^4+15*B^4*(A^2+B^2)^2*(A^2-B^2*y^2+B^2)^2*abs(B)*B^2-2*B^4*(A^2-B^2*y^2+B^2)^3*abs(B)*B^4+20*B^3*sqrt(A^2+B^2)*(A^2+B^2)*sqrt(A^2-B^2*y^2+B^2)*(A^2-B^2*y^2+B^2)^2*B^4+15*B^2*(A^2+B^2)*(A^2-B^2*y^2+B^2)^3*abs(B)*B^4+6*B*sqrt(A^2+B^2)*sqrt(A^2-B^2*y^2+B^2)*(A^2-B^2*y^2+B^2)^3*B^6+(A^2-B^2*y^2+B^2)^4*abs(B)*B^6)/(4*A^2*B^8*y^6*(A^2+B^2)*sqrt(A^2-B^2*y^2+B^2)*abs(B)-4*A^2*B^8*y^4*(A^2+B^2)*sqrt(A^2-B^2*y^2+B^2)*abs(B)+8*A^2*B^7*y^6*sqrt(A^2+B^2)*(A^2-B^2*y^2+B^2)*B^2-8*A^2*B^7*y^4*sqrt(A^2+B^2)*(A^2-B^2*y^2+B^2)*B^2+4*A^2*B^6*y^6*sqrt(A^2-B^2*y^2+B^2)*(A^2-B^2*y^2+B^2)*abs(B)*B^2+4*A^2*B^6*y^4*(A^2+B^2)^2*sqrt(A^2-B^2*y^2+B^2)*abs(B)-4*A^2*B^6*y^4*sqrt(A^2-B^2*y^2+B^2)*(A^2-B^2*y^2+B^2)*abs(B)*B^2-4*A^2*B^6*y^2*(A^2+B^2)^2*sqrt(A^2-B^2*y^2+B^2)*abs(B)+16*A^2*B^5*y^4*sqrt(A^2+B^2)*(A^2+B^2)*(A^2-B^2*y^2+B^2)*B^2-16*A^2*B^5*y^2*sqrt(A^2+B^2)*(A^2+B^2)*(A^2-B^2*y^2+B^2)*B^2+24*A^2*B^4*y^4*(A^2+B^2)*sqrt(A^2-B^2*y^2+B^2)*(A^2-B^2*y^2+B^2)*abs(B)*B^2-24*A^2*B^4*y^2*(A^2+B^2)*sqrt(A^2-B^2*y^2+B^2)*(A^2-B^2*y^2+B^2)*abs(B)*B^2+16*A^2*B^3*y^4*sqrt(A^2+B^2)*(A^2-B^2*y^2+B^2)^2*B^4-16*A^2*B^3*y^2*sqrt(A^2+B^2)*(A^2-B^2*y^2+B^2)^2*B^4+4*A^2*B^2*y^4*sqrt(A^2-B^2*y^2+B^2)*(A^2-B^2*y^2+B^2)^2*abs(B)*B^4-4*A^2*B^2*y^2*sqrt(A^2-B^2*y^2+B^2)*(A^2-B^2*y^2+B^2)^2*abs(B)*B^4-B^12*y^8*sqrt(A^2-B^2*y^2+B^2)*abs(B)+B^12*y^6*sqrt(A^2-B^2*y^2+B^2)*abs(B)+B^10*y^6*(A^2+B^2)*sqrt(A^2-B^2*y^2+B^2)*abs(B)-B^10*y^4*(A^2+B^2)*sqrt(A^2-B^2*y^2+B^2)*abs(B)+2*B^9*y^6*sqrt(A^2+B^2)*(A^2-B^2*y^2+B^2)*B^2-2*B^9*y^4*sqrt(A^2+B^2)*(A^2-B^2*y^2+B^2)*B^2+B^8*y^6*sqrt(A^2-B^2*y^2+B^2)*(A^2-B^2*y^2+B^2)*abs(B)*B^2+B^8*y^4*(A^2+B^2)^2*sqrt(A^2-B^2*y^2+B^2)*abs(B)-B^8*y^4*sqrt(A^2-B^2*y^2+B^2)*(A^2-B^2*y^2+B^2)*abs(B)*B^2-B^8*y^2*(A^2+B^2)^2*sqrt(A^2-B^2*y^2+B^2)*abs(B)+4*B^7*y^4*sqrt(A^2+B^2)*(A^2+B^2)*(A^2-B^2*y^2+B^2)*B^2-4*B^7*y^2*sqrt(A^2+B^2)*(A^2+B^2)*(A^2-B^2*y^2+B^2)*B^2+6*B^6*y^4*(A^2+B^2)*sqrt(A^2-B^2*y^2+B^2)*(A^2-B^2*y^2+B^2)*abs(B)*B^2-B^6*y^2*(A^2+B^2)^3*sqrt(A^2-B^2*y^2+B^2)*abs(B)-6*B^6*y^2*(A^2+B^2)*sqrt(A^2-B^2*y^2+B^2)*(A^2-B^2*y^2+B^2)*abs(B)*B^2+B^6*(A^2+B^2)^3*sqrt(A^2-B^2*y^2+B^2)*abs(B)+4*B^5*y^4*sqrt(A^2+B^2)*(A^2-B^2*y^2+B^2)^2*B^4-6*B^5*y^2*sqrt(A^2+B^2)*(A^2+B^2)^2*(A^2-B^2*y^2+B^2)*B^2-4*B^5*y^2*sqrt(A^2+B^2)*(A^2-B^2*y^2+B^2)^2*B^4+6*B^5*sqrt(A^2+B^2)*(A^2+B^2)^2*(A^2-B^2*y^2+B^2)*B^2+B^4*y^4*sqrt(A^2-B^2*y^2+B^2)*(A^2-B^2*y^2+B^2)^2*abs(B)*B^4-15*B^4*y^2*(A^2+B^2)^2*sqrt(A^2-B^2*y^2+B^2)*(A^2-B^2*y^2+B^2)*abs(B)*B^2-B^4*y^2*sqrt(A^2-B^2*y^2+B^2)*(A^2-B^2*y^2+B^2)^2*abs(B)*B^4+15*B^4*(A^2+B^2)^2*sqrt(A^2-B^2*y^2+B^2)*(A^2-B^2*y^2+B^2)*abs(B)*B^2-20*B^3*y^2*sqrt(A^2+B^2)*(A^2+B^2)*(A^2-B^2*y^2+B^2)^2*B^4+20*B^3*sqrt(A^2+B^2)*(A^2+B^2)*(A^2-B^2*y^2+B^2)^2*B^4-15*B^2*y^2*(A^2+B^2)*sqrt(A^2-B^2*y^2+B^2)*(A^2-B^2*y^2+B^2)^2*abs(B)*B^4+15*B^2*(A^2+B^2)*sqrt(A^2-B^2*y^2+B^2)*(A^2-B^2*y^2+B^2)^2*abs(B)*B^4-6*B*y^2*sqrt(A^2+B^2)*(A^2-B^2*y^2+B^2)^3*B^6+6*B*sqrt(A^2+B^2)*(A^2-B^2*y^2+B^2)^3*B^6-y^2*sqrt(A^2-B^2*y^2+B^2)*(A^2-B^2*y^2+B^2)^3*abs(B)*B^6+sqrt(A^2-B^2*y^2+B^2)*(A^2-B^2*y^2+B^2)^3*abs(B)*B^6)]
[70,(-A^2-B^2)*cos(z)^2/B/(1-(A^2+B^2)*sin(z)^2/B^2),(-A^2-B^2)/B*2*(-B*A^3/(4*B^2*A^2+4*A^4)*ln(abs(tan(z)*A-B))-B*A^3/(-4*B^2*A^2-4*A^4)*ln(abs(tan(z)*A+B))+B^2/(2*(B^2+A^2))*z),0]
[71,(-A^2-B^2)/B/(1+w^2)^2/(1-(A^2+B^2)*w^2/B^2/(1+w^2)),(-A^2-B^2)/B*(-A^3*B/(2*A^4+2*A^2*B^2)*ln(abs(w*A-B))-A^3*B/(-2*A^4-2*A^2*B^2)*ln(abs(w*A+B))+2*B^2/(2*(A^2+B^2))*atan(w)),0]
[72,-B*(A^2+B^2)/(1+w^2)/(B^2-A^2*w^2),-B*(A^2+B^2)*(-A^3/(2*B^3*A^2+2*B*A^4)*ln(abs(w*A-B))-A^3/(-2*B^3*A^2-2*B*A^4)*ln(abs(w*A+B))+2/(2*(B^2+A^2))*atan(w)),0]
[73,x^4/sqrt(1-x^2)/(1-x^2)^2,2*(2/3*x*x-1/2)*x*sqrt(-x^2+1)/(-x^2+1)^2+asin(x),0]
[74,sin(y)^4/cos(y)^4,2*((4/3*tan(y)^3-4*tan(y))/8+1/2*y),0]
[75,z^4/(1+z^2),1/3*z^3-z+atan(z),0]
[76,exp(x^2)*(1+2*x^2),x*exp(x^2),0]
[77,exp(x^2)*(1+4*x^2+x^3+5*x^4+2*x^6)/(1+x^2)^2,(2*x^3*exp(x^2)+2*x*exp(x^2)+exp(x^2))/(2*x^2+2),0]
[78,exp(-1-x),-exp(-1-x),0]
[79,(1/x+x)*ln(x),1/2*ln(x)^2+1/2*x^2*ln(x)-1/4*x^2,0]
[80,x/(1+x^4),1/2*atan(x^2),0]
[81,x^5/(1+x^4),x^2/2-1/2*atan(x^2),0]
[82,1/(1+tan(x)^2),tan(x)/2/(tan(x)^2+1)+1/2*x,0]
[83,x^4/sqrt(1-x^2)/(1-x^2)^2,2*(2/3*x*x-1/2)*x*sqrt(-x^2+1)/(-x^2+1)^2+asin(x),0]
[84,-x^2/sqrt(1-x^2)/(1-x^2),-2/2*x*sqrt(-x^2+1)/(-x^2+1)+asin(x),0]
[85,exp(x)*sin(x),exp(x)*(-1/2*cos(x)+1/2*sin(x)),0]
[86,1/x,ln(abs(x)),0]
[87,1/cos(2*t)/(1+(1/cos(t))^2+3*tan(t)),-1/12*ln(abs(tan(t)-1))+1/3*ln(abs(tan(t)+2))-1/4*ln(abs(tan(t)+1))-1/2/(tan(t)+1),0]
[88,1/(1/cos(x))^2,2*(tan(x)/(4*(tan(x)^2+1))+1/4*x),0]
[89,(1+x^2)/sqrt(x),2*sqrt(x)*x^2/5+2*sqrt(x),0]
[90,x/sqrt(5+2*x+x^2),sqrt(x^2+2*x+5)+ln(sqrt(x^2+2*x+5)-x-1),0]
[91,cos(x)*sin(x)^2,sin(x)^3/3,0]
[92,exp(x)/(1+exp(x)),ln(exp(x)+1),0]
[93,exp(2*x)/(1+exp(x)),exp(x)-ln(exp(x)+1),0]
[94,1/(1-cos(x)),-2/(2*tan(x/2)),0]
[95,(1/cos(x))^2*tan(x),1/2/cos(x)^2,0]
[96,x*ln(x),-1/4*x^2+1/2*x^2*ln(x),0]
[97,cos(x)*sin(x),-1/2*cos(x)^2,0]
[98,(1+x)/sqrt(2*x-x^2),-sqrt(-x^2+2*x)+2*asin(x-1),0]
[99,2*exp(x)/(2+3*exp(2*x)),2*sqrt(6)/6*atan(exp(x)/sqrt(6)*3),0]
[100,x^4/sqrt(1-x^2)/(1-x^2)^2,2*(2/3*x*x-1/2)*x*sqrt(-x^2+1)/(-x^2+1)^2+asin(x),0]
[101,exp(6*x)/(1+exp(4*x)),exp(x)^2/2-1/2*atan(exp(x)^2),0]
[102,ln(2+3*x^2),x*ln(2+3*x^2)-6*(x/3-4/(3*2*sqrt(6))*atan(3*x/sqrt(6))),0]
[103,1/r/sqrt(-a^2+2*H*r^2),1/r/sqrt(2*H*r^2-a^2)*x,0]
[104,1/r/sqrt(-a^2-e^2+2*H*r^2),1/r/sqrt(2*H*r^2-a^2-e^2)*x,0]
[105,1/r/sqrt(-a^2+2*H*r^2-2*K*r^4),1/r/sqrt(2*H*r^2-2*K*r^4-a^2)*x,0]
[106,1/r/sqrt(-a^2-e^2+2*H*r^2-2*K*r^4),1/r/sqrt(2*H*r^2-2*K*r^4-a^2-e^2)*x,0]
[107,1/r/sqrt(-a^2-2*K*r+2*H*r^2),1/r/sqrt(2*H*r^2-2*K*r-a^2)*x,0]
[108,1/r/sqrt(-a^2-e^2-2*K*r+2*H*r^2),1/r/sqrt(2*H*r^2-2*K*r-a^2-e^2)*x,0]
[109,r/sqrt(-a^2+2*E*r^2),r/sqrt(2*E*r^2-a^2)*x,0]
[110,r/sqrt(-a^2-e^2+2*E*r^2),r/sqrt(2*E*r^2-a^2-e^2)*x,0]
[111,r/sqrt(-a^2+2*E*r^2-2*K*r^4),r/sqrt(2*E*r^2-2*K*r^4-a^2)*x,0]
[112,r/sqrt(-a^2-e^2+2*E*r^2-2*K*r^4),r/sqrt(2*E*r^2-2*K*r^4-a^2-e^2)*x,0]
[113,r/sqrt(-a^2-e^2-2*K*r+2*H*r^2),r/sqrt(2*H*r^2-2*K*r-a^2-e^2)*x,0]
Time:7.15, tests: 113, integration failures: 2[32,42], simplification failures: 3[36,40,69], not cheked: 0[], assumptions: 0[]
